13:48:48:413  INFO 15472 --- [main] com.hmall.pay.PayApplication             : Starting PayApplication using Java 17.0.12 on lyk with PID 15472 (C:\baidunetdiskdownload\黑马商城\day03-微服务01\资料\hmall\pay-service\target\classes started by liuyi in C:\baidunetdiskdownload\黑马商城\day03-微服务01\资料\hmall)
13:48:48:418 DEBUG 15472 --- [main] com.hmall.pay.PayApplication             : Running with Spring Boot v2.7.12, Spring v5.3.27
13:48:48:418  INFO 15472 --- [main] com.hmall.pay.PayApplication             : The following 1 profile is active: "dev"
13:48:49:215  INFO 15472 --- [main] .s.d.r.c.RepositoryConfigurationDelegate : Multiple Spring Data modules found, entering strict repository configuration mode
13:48:49:221  INFO 15472 --- [main] .s.d.r.c.RepositoryConfigurationDelegate : Bootstrapping Spring Data Redis repositories in DEFAULT mode.
13:48:49:243  INFO 15472 --- [main] .s.d.r.c.RepositoryConfigurationDelegate : Finished Spring Data repository scanning in 10 ms. Found 0 Redis repository interfaces.
13:48:49:435  INFO 15472 --- [main] o.s.cloud.context.scope.GenericScope     : BeanFactory id=8711aefa-fa2f-3402-96dd-7ea55c6be100
13:48:49:815  INFO 15472 --- [main] o.s.b.w.embedded.tomcat.TomcatWebServer  : Tomcat initialized with port(s): 8087 (http)
13:48:49:825  INFO 15472 --- [main] o.apache.catalina.core.StandardService   : Starting service [Tomcat]
13:48:49:825  INFO 15472 --- [main] org.apache.catalina.core.StandardEngine  : Starting Servlet engine: [Apache Tomcat/9.0.75]
13:48:49:999  INFO 15472 --- [main] o.a.c.c.C.[Tomcat].[localhost].[/]       : Initializing Spring embedded WebApplicationContext
13:48:49:999  INFO 15472 --- [main] w.s.c.ServletWebServerApplicationContext : Root WebApplicationContext: initialization completed in 1527 ms
13:48:50:191  INFO 15472 --- [main] o.s.c.openfeign.FeignClientFactoryBean   : For 'user-service' URL not provided. Will try picking an instance via load-balancing.
13:48:50:230  INFO 15472 --- [main] o.s.c.openfeign.FeignClientFactoryBean   : For 'trade-service' URL not provided. Will try picking an instance via load-balancing.
13:48:52:207  INFO 15472 --- [main] o.s.cloud.commons.util.InetUtils         : Cannot determine local hostname
13:48:52:224  INFO 15472 --- [main] pertySourcedRequestMappingHandlerMapping : Mapped URL path [/v2/api-docs] onto method [springfox.documentation.swagger2.web.Swagger2ControllerWebMvc#getDocumentation(String, HttpServletRequest)]
13:48:53:915  INFO 15472 --- [main] o.s.cloud.commons.util.InetUtils         : Cannot determine local hostname
13:48:54:049  INFO 15472 --- [main] com.alibaba.nacos.common.remote.client   : [RpcClientFactory] create a new rpc client of d0ebae6d-b944-46fa-9489-7d8c22ff3897
13:48:54:104  INFO 15472 --- [main] org.reflections.Reflections              : Reflections took 23 ms to scan 1 urls, producing 3 keys and 6 values 
13:48:54:124  INFO 15472 --- [main] org.reflections.Reflections              : Reflections took 5 ms to scan 1 urls, producing 4 keys and 9 values 
13:48:54:130  INFO 15472 --- [main] org.reflections.Reflections              : Reflections took 3 ms to scan 1 urls, producing 3 keys and 10 values 
13:48:54:133  WARN 15472 --- [main] org.reflections.Reflections              : given scan urls are empty. set urls in the configuration
13:48:54:139  INFO 15472 --- [main] org.reflections.Reflections              : Reflections took 4 ms to scan 1 urls, producing 1 keys and 5 values 
13:48:54:145  INFO 15472 --- [main] org.reflections.Reflections              : Reflections took 5 ms to scan 1 urls, producing 1 keys and 7 values 
13:48:54:150  INFO 15472 --- [main] org.reflections.Reflections              : Reflections took 3 ms to scan 1 urls, producing 2 keys and 8 values 
13:48:54:151  WARN 15472 --- [main] org.reflections.Reflections              : given scan urls are empty. set urls in the configuration
13:48:54:153  INFO 15472 --- [main] com.alibaba.nacos.common.remote.client   : [d0ebae6d-b944-46fa-9489-7d8c22ff3897] RpcClient init label, labels = {module=naming, source=sdk}
13:48:54:155  INFO 15472 --- [main] com.alibaba.nacos.common.remote.client   : [d0ebae6d-b944-46fa-9489-7d8c22ff3897] RpcClient init, ServerListFactory = com.alibaba.nacos.client.naming.core.ServerListManager
13:48:54:155  INFO 15472 --- [main] com.alibaba.nacos.common.remote.client   : [d0ebae6d-b944-46fa-9489-7d8c22ff3897] Registry connection listener to current client:com.alibaba.nacos.client.naming.remote.gprc.redo.NamingGrpcRedoService
13:48:54:155  INFO 15472 --- [main] com.alibaba.nacos.common.remote.client   : [d0ebae6d-b944-46fa-9489-7d8c22ff3897] Register server push request handler:com.alibaba.nacos.client.naming.remote.gprc.NamingPushRequestHandler
13:48:54:156  INFO 15472 --- [main] com.alibaba.nacos.common.remote.client   : [d0ebae6d-b944-46fa-9489-7d8c22ff3897] Try to connect to server on start up, server: {serverIp = 'localhost', server main port = 8848}
13:48:55:490  INFO 15472 --- [main] com.alibaba.nacos.common.remote.client   : [d0ebae6d-b944-46fa-9489-7d8c22ff3897] Success to connect to server [localhost:8848] on start up, connectionId = 1754891335279_172.17.0.1_41060
13:48:55:490  INFO 15472 --- [com.alibaba.nacos.client.remote.worker] com.alibaba.nacos.common.remote.client   : [d0ebae6d-b944-46fa-9489-7d8c22ff3897] Notify connected event to listeners.
13:48:55:491  INFO 15472 --- [main] com.alibaba.nacos.common.remote.client   : [d0ebae6d-b944-46fa-9489-7d8c22ff3897] Register server push request handler:com.alibaba.nacos.common.remote.client.RpcClient$ConnectResetRequestHandler
13:48:55:491  INFO 15472 --- [main] com.alibaba.nacos.common.remote.client   : [d0ebae6d-b944-46fa-9489-7d8c22ff3897] Register server push request handler:com.alibaba.nacos.common.remote.client.RpcClient$$Lambda$1135/0x0000024a3f87ad48
13:48:55:545  INFO 15472 --- [main] o.s.b.w.embedded.tomcat.TomcatWebServer  : Tomcat started on port(s): 8087 (http) with context path ''
13:48:55:559  INFO 15472 --- [main] c.a.c.n.registry.NacosServiceRegistry    : nacos registry, DEFAULT_GROUP pay-service 192.168.138.1:8087 register finished
13:48:56:031  INFO 15472 --- [nacos-grpc-client-executor-9] com.alibaba.nacos.common.remote.client   : [d0ebae6d-b944-46fa-9489-7d8c22ff3897] Receive server push request, request = NotifySubscriberRequest, requestId = 5
13:48:56:034  INFO 15472 --- [nacos-grpc-client-executor-9] com.alibaba.nacos.common.remote.client   : [d0ebae6d-b944-46fa-9489-7d8c22ff3897] Ack server push request, request = NotifySubscriberRequest, requestId = 5
13:48:57:052  INFO 15472 --- [main] o.s.cloud.commons.util.InetUtils         : Cannot determine local hostname
13:48:57:052  INFO 15472 --- [main] d.s.w.p.DocumentationPluginsBootstrapper : Documentation plugins bootstrapped
13:48:57:054  INFO 15472 --- [main] d.s.w.p.DocumentationPluginsBootstrapper : Found 1 custom documentation plugin(s)
13:48:57:072  INFO 15472 --- [main] s.d.s.w.s.ApiListingReferenceScanner     : Scanning for api listing references
13:48:57:137  INFO 15472 --- [main] com.hmall.pay.PayApplication             : Started PayApplication in 10.783 seconds (JVM running for 11.473)
