13:48:03:354  INFO 28664 --- [main] com.hmall.cart.CartApplication           : The following 1 profile is active: "dev"
13:48:04:102  INFO 28664 --- [main] .s.d.r.c.RepositoryConfigurationDelegate : Multiple Spring Data modules found, entering strict repository configuration mode
13:48:04:102  INFO 28664 --- [main] .s.d.r.c.RepositoryConfigurationDelegate : Bootstrapping Spring Data Redis repositories in DEFAULT mode.
13:48:04:128  INFO 28664 --- [main] .s.d.r.c.RepositoryConfigurationDelegate : Finished Spring Data repository scanning in 10 ms. Found 0 Redis repository interfaces.
13:48:04:331  INFO 28664 --- [main] o.s.cloud.context.scope.GenericScope     : BeanFactory id=2bcdb9d4-29df-3b10-a665-9c6743ebbb4c
13:48:04:765  INFO 28664 --- [main] o.s.b.w.embedded.tomcat.TomcatWebServer  : Tomcat initialized with port(s): 8082 (http)
13:48:04:774  INFO 28664 --- [main] o.apache.catalina.core.StandardService   : Starting service [Tomcat]
13:48:04:778  INFO 28664 --- [main] org.apache.catalina.core.StandardEngine  : Starting Servlet engine: [Apache Tomcat/9.0.75]
13:48:04:914  INFO 28664 --- [main] o.a.c.c.C.[Tomcat].[localhost].[/]       : Initializing Spring embedded WebApplicationContext
13:48:04:914  INFO 28664 --- [main] w.s.c.ServletWebServerApplicationContext : Root WebApplicationContext: initialization completed in 1530 ms
13:48:05:088  INFO 28664 --- [main] o.s.c.openfeign.FeignClientFactoryBean   : For 'item-service' URL not provided. Will try picking an instance via load-balancing.
13:48:07:201  INFO 28664 --- [main] o.s.cloud.commons.util.InetUtils         : Cannot determine local hostname
13:48:07:229  INFO 28664 --- [main] pertySourcedRequestMappingHandlerMapping : Mapped URL path [/v2/api-docs] onto method [springfox.documentation.swagger2.web.Swagger2ControllerWebMvc#getDocumentation(String, HttpServletRequest)]
13:48:08:976  INFO 28664 --- [main] o.s.cloud.commons.util.InetUtils         : Cannot determine local hostname
13:48:09:090  INFO 28664 --- [main] com.alibaba.nacos.common.remote.client   : [RpcClientFactory] create a new rpc client of 4f1b978f-2525-46e1-a98b-b19a0532d5b2
13:48:09:090  INFO 28664 --- [main] com.alibaba.nacos.common.remote.client   : [4f1b978f-2525-46e1-a98b-b19a0532d5b2] RpcClient init label, labels = {module=naming, source=sdk}
13:48:09:092  INFO 28664 --- [main] com.alibaba.nacos.common.remote.client   : [4f1b978f-2525-46e1-a98b-b19a0532d5b2] RpcClient init, ServerListFactory = com.alibaba.nacos.client.naming.core.ServerListManager
13:48:09:092  INFO 28664 --- [main] com.alibaba.nacos.common.remote.client   : [4f1b978f-2525-46e1-a98b-b19a0532d5b2] Registry connection listener to current client:com.alibaba.nacos.client.naming.remote.gprc.redo.NamingGrpcRedoService
13:48:09:092  INFO 28664 --- [main] com.alibaba.nacos.common.remote.client   : [4f1b978f-2525-46e1-a98b-b19a0532d5b2] Register server push request handler:com.alibaba.nacos.client.naming.remote.gprc.NamingPushRequestHandler
13:48:09:092  INFO 28664 --- [main] com.alibaba.nacos.common.remote.client   : [4f1b978f-2525-46e1-a98b-b19a0532d5b2] Try to connect to server on start up, server: {serverIp = 'localhost', server main port = 8848}
13:48:09:225  INFO 28664 --- [main] com.alibaba.nacos.common.remote.client   : [4f1b978f-2525-46e1-a98b-b19a0532d5b2] Success to connect to server [localhost:8848] on start up, connectionId = 1754891289102_172.17.0.1_53808
13:48:09:225  INFO 28664 --- [main] com.alibaba.nacos.common.remote.client   : [4f1b978f-2525-46e1-a98b-b19a0532d5b2] Register server push request handler:com.alibaba.nacos.common.remote.client.RpcClient$ConnectResetRequestHandler
13:48:09:225  INFO 28664 --- [com.alibaba.nacos.client.remote.worker] com.alibaba.nacos.common.remote.client   : [4f1b978f-2525-46e1-a98b-b19a0532d5b2] Notify connected event to listeners.
13:48:09:225  INFO 28664 --- [main] com.alibaba.nacos.common.remote.client   : [4f1b978f-2525-46e1-a98b-b19a0532d5b2] Register server push request handler:com.alibaba.nacos.common.remote.client.RpcClient$$Lambda$486/0x00000257cc4ee9a8
13:48:09:278  INFO 28664 --- [main] o.s.b.w.embedded.tomcat.TomcatWebServer  : Tomcat started on port(s): 8082 (http) with context path ''
13:48:09:293  INFO 28664 --- [main] c.a.c.n.registry.NacosServiceRegistry    : nacos registry, DEFAULT_GROUP cart-service 192.168.138.1:8082 register finished
13:48:09:857  INFO 28664 --- [nacos-grpc-client-executor-9] com.alibaba.nacos.common.remote.client   : [4f1b978f-2525-46e1-a98b-b19a0532d5b2] Receive server push request, request = NotifySubscriberRequest, requestId = 1
13:48:09:859  INFO 28664 --- [nacos-grpc-client-executor-9] com.alibaba.nacos.common.remote.client   : [4f1b978f-2525-46e1-a98b-b19a0532d5b2] Ack server push request, request = NotifySubscriberRequest, requestId = 1
13:48:10:657  INFO 28664 --- [main] o.s.cloud.commons.util.InetUtils         : Cannot determine local hostname
13:48:10:658  INFO 28664 --- [main] d.s.w.p.DocumentationPluginsBootstrapper : Documentation plugins bootstrapped
13:48:10:660  INFO 28664 --- [main] d.s.w.p.DocumentationPluginsBootstrapper : Found 1 custom documentation plugin(s)
13:48:10:679  INFO 28664 --- [main] s.d.s.w.s.ApiListingReferenceScanner     : Scanning for api listing references
13:48:10:741  INFO 28664 --- [main] com.hmall.cart.CartApplication           : Started CartApplication in 12.969 seconds (JVM running for 13.682)
13:48:10:745  INFO 28664 --- [main] c.a.c.n.refresh.NacosContextRefresher    : [Nacos Config] Listening config: dataId=cart-service, group=DEFAULT_GROUP
13:48:10:746  INFO 28664 --- [main] c.a.c.n.refresh.NacosContextRefresher    : [Nacos Config] Listening config: dataId=cart-service.yaml, group=DEFAULT_GROUP
13:48:10:746  INFO 28664 --- [main] c.a.c.n.refresh.NacosContextRefresher    : [Nacos Config] Listening config: dataId=cart-service-dev.yaml, group=DEFAULT_GROUP
13:49:52:305  INFO 28664 --- [http-nio-8082-exec-1] o.a.c.c.C.[Tomcat].[localhost].[/]       : Initializing Spring DispatcherServlet 'dispatcherServlet'
13:49:52:305  INFO 28664 --- [http-nio-8082-exec-1] o.s.web.servlet.DispatcherServlet        : Initializing Servlet 'dispatcherServlet'
13:49:52:307  INFO 28664 --- [http-nio-8082-exec-1] o.s.web.servlet.DispatcherServlet        : Completed initialization in 1 ms
13:49:52:488  INFO 28664 --- [http-nio-8082-exec-1] com.zaxxer.hikari.HikariDataSource       : HikariPool-1 - Starting...
13:49:53:499  INFO 28664 --- [http-nio-8082-exec-1] com.zaxxer.hikari.HikariDataSource       : HikariPool-1 - Start completed.
13:49:53:507 DEBUG 28664 --- [http-nio-8082-exec-1] c.h.cart.mapper.CartMapper.selectList    : ==>  Preparing: SELECT id,user_id,item_id,num,name,spec,price,image,create_time,update_time FROM cart WHERE (user_id = ?)
13:49:53:541 DEBUG 28664 --- [http-nio-8082-exec-1] c.h.cart.mapper.CartMapper.selectList    : ==> Parameters: 1(Long)
13:49:53:650 DEBUG 28664 --- [http-nio-8082-exec-1] c.h.cart.mapper.CartMapper.selectList    : <==      Total: 0
13:50:04:056 DEBUG 28664 --- [http-nio-8082-exec-2] c.h.cart.mapper.CartMapper.selectCount   : ==>  Preparing: SELECT COUNT( * ) AS total FROM cart WHERE (user_id = ? AND item_id = ?)
13:50:04:057 DEBUG 28664 --- [http-nio-8082-exec-2] c.h.cart.mapper.CartMapper.selectCount   : ==> Parameters: 1(Long), 100000004580(Long)
13:50:04:093 DEBUG 28664 --- [http-nio-8082-exec-2] c.h.cart.mapper.CartMapper.selectCount   : <==      Total: 1
13:50:04:093 DEBUG 28664 --- [http-nio-8082-exec-2] c.h.cart.mapper.CartMapper.selectCount   : ==>  Preparing: SELECT COUNT( * ) AS total FROM cart WHERE (user_id = ?)
13:50:04:093 DEBUG 28664 --- [http-nio-8082-exec-2] c.h.cart.mapper.CartMapper.selectCount   : ==> Parameters: 1(Long)
13:50:04:136 DEBUG 28664 --- [http-nio-8082-exec-2] c.h.cart.mapper.CartMapper.selectCount   : <==      Total: 1
13:50:04:188 DEBUG 28664 --- [http-nio-8082-exec-2] com.hmall.cart.mapper.CartMapper.insert  : ==>  Preparing: INSERT INTO cart ( user_id, item_id, name, spec, price, image ) VALUES ( ?, ?, ?, ?, ?, ? )
13:50:04:188 DEBUG 28664 --- [http-nio-8082-exec-2] com.hmall.cart.mapper.CartMapper.insert  : ==> Parameters: 1(Long), 100000004580(Long), 薇妮(viney)女士单肩包 时尚牛皮女包百搭斜挎包女士手提大包(经典黑)(String), {"颜色": "黑色"}(String), 87900(Integer), https://m.360buyimg.com/mobilecms/s720x720_jfs/t5590/64/5811657380/234462/5398e856/5965e173N34179777.jpg!q70.jpg.webp(String)
13:50:04:287 DEBUG 28664 --- [http-nio-8082-exec-2] com.hmall.cart.mapper.CartMapper.insert  : <==    Updates: 1
13:50:04:369 DEBUG 28664 --- [http-nio-8082-exec-3] c.h.cart.mapper.CartMapper.selectList    : ==>  Preparing: SELECT id,user_id,item_id,num,name,spec,price,image,create_time,update_time FROM cart WHERE (user_id = ?)
13:50:04:370 DEBUG 28664 --- [http-nio-8082-exec-3] c.h.cart.mapper.CartMapper.selectList    : ==> Parameters: 1(Long)
13:50:04:413 DEBUG 28664 --- [http-nio-8082-exec-3] c.h.cart.mapper.CartMapper.selectList    : <==      Total: 1
13:50:05:042  INFO 28664 --- [nacos-grpc-client-executor-45] com.alibaba.nacos.common.remote.client   : [4f1b978f-2525-46e1-a98b-b19a0532d5b2] Receive server push request, request = NotifySubscriberRequest, requestId = 13
13:50:05:045  INFO 28664 --- [nacos-grpc-client-executor-45] com.alibaba.nacos.common.remote.client   : [4f1b978f-2525-46e1-a98b-b19a0532d5b2] Ack server push request, request = NotifySubscriberRequest, requestId = 13
13:50:06:437 DEBUG 28664 --- [http-nio-8082-exec-4] c.h.cart.mapper.CartMapper.updateById    : ==>  Preparing: UPDATE cart SET num=? WHERE id=?
13:50:06:437 DEBUG 28664 --- [http-nio-8082-exec-4] c.h.cart.mapper.CartMapper.updateById    : ==> Parameters: 2(Integer), 14(Long)
13:50:06:524 DEBUG 28664 --- [http-nio-8082-exec-4] c.h.cart.mapper.CartMapper.updateById    : <==    Updates: 1
13:50:06:543 DEBUG 28664 --- [http-nio-8082-exec-5] c.h.cart.mapper.CartMapper.selectList    : ==>  Preparing: SELECT id,user_id,item_id,num,name,spec,price,image,create_time,update_time FROM cart WHERE (user_id = ?)
13:50:06:543 DEBUG 28664 --- [http-nio-8082-exec-5] c.h.cart.mapper.CartMapper.selectList    : ==> Parameters: 1(Long)
13:50:06:591 DEBUG 28664 --- [http-nio-8082-exec-5] c.h.cart.mapper.CartMapper.selectList    : <==      Total: 1
13:50:09:558 DEBUG 28664 --- [http-nio-8082-exec-8] c.h.cart.mapper.CartMapper.updateById    : ==>  Preparing: UPDATE cart SET num=? WHERE id=?
13:50:09:558 DEBUG 28664 --- [http-nio-8082-exec-8] c.h.cart.mapper.CartMapper.updateById    : ==> Parameters: 3(Integer), 14(Long)
13:50:09:649 DEBUG 28664 --- [http-nio-8082-exec-8] c.h.cart.mapper.CartMapper.updateById    : <==    Updates: 1
13:50:09:661 DEBUG 28664 --- [http-nio-8082-exec-7] c.h.cart.mapper.CartMapper.selectList    : ==>  Preparing: SELECT id,user_id,item_id,num,name,spec,price,image,create_time,update_time FROM cart WHERE (user_id = ?)
13:50:09:661 DEBUG 28664 --- [http-nio-8082-exec-7] c.h.cart.mapper.CartMapper.selectList    : ==> Parameters: 1(Long)
13:50:09:701 DEBUG 28664 --- [http-nio-8082-exec-7] c.h.cart.mapper.CartMapper.selectList    : <==      Total: 1
14:00:15:886  INFO 28664 --- [nacos-grpc-client-executor-174] com.alibaba.nacos.common.remote.client   : [0217abf1-fbe6-4b51-b9d2-1d1de9ccdcef_config-0] Receive server push request, request = ConfigChangeNotifyRequest, requestId = 14
14:00:15:887  INFO 28664 --- [nacos-grpc-client-executor-174] com.alibaba.nacos.common.remote.client   : [0217abf1-fbe6-4b51-b9d2-1d1de9ccdcef_config-0] Ack server push request, request = ConfigChangeNotifyRequest, requestId = 14
14:00:17:310  INFO 28664 --- [nacos.client.cachedata.internal.notifier] o.s.cloud.commons.util.InetUtils         : Cannot determine local hostname
14:00:17:392  WARN 28664 --- [nacos.client.cachedata.internal.notifier] c.a.c.n.c.NacosPropertySourceBuilder     : Ignore the empty nacos configuration and get it based on dataId[cart-service] & group[DEFAULT_GROUP]
14:00:17:403  WARN 28664 --- [nacos.client.cachedata.internal.notifier] c.a.c.n.c.NacosPropertySourceBuilder     : Ignore the empty nacos configuration and get it based on dataId[cart-service-dev.yaml] & group[DEFAULT_GROUP]
14:00:17:403  INFO 28664 --- [nacos.client.cachedata.internal.notifier] b.c.PropertySourceBootstrapConfiguration : Located property source: [BootstrapPropertySource {name='bootstrapProperties-cart-service-dev.yaml,DEFAULT_GROUP'}, BootstrapPropertySource {name='bootstrapProperties-cart-service.yaml,DEFAULT_GROUP'}, BootstrapPropertySource {name='bootstrapProperties-cart-service,DEFAULT_GROUP'}, BootstrapPropertySource {name='bootstrapProperties-shared-swagger.yaml,DEFAULT_GROUP'}, BootstrapPropertySource {name='bootstrapProperties-shared-log.yaml,DEFAULT_GROUP'}, BootstrapPropertySource {name='bootstrapProperties-shared-jdbc.yaml,DEFAULT_GROUP'}]
14:00:17:413  INFO 28664 --- [nacos.client.cachedata.internal.notifier] o.s.boot.SpringApplication               : The following 1 profile is active: "dev"
14:00:17:422  INFO 28664 --- [nacos.client.cachedata.internal.notifier] o.s.boot.SpringApplication               : Started application in 1.509 seconds (JVM running for 740.363)
14:00:17:461  INFO 28664 --- [nacos.client.cachedata.internal.notifier] o.s.c.e.event.RefreshEventListener       : Refresh keys changed: [hm.cart.maxItems]
14:00:39:768  WARN 28664 --- [Thread-1] c.a.n.common.http.HttpClientBeanHolder   : [HttpClientBeanHolder] Start destroying common HttpClient
14:00:39:768  WARN 28664 --- [Thread-5] c.a.nacos.common.notify.NotifyCenter     : [NotifyCenter] Start destroying Publisher
14:00:39:768  WARN 28664 --- [Thread-5] c.a.nacos.common.notify.NotifyCenter     : [NotifyCenter] Destruction of the end
14:00:39:769  WARN 28664 --- [Thread-1] c.a.n.common.http.HttpClientBeanHolder   : [HttpClientBeanHolder] Destruction of the end
14:00:39:817  INFO 28664 --- [SpringApplicationShutdownHook] c.a.c.n.registry.NacosServiceRegistry    : De-registering from Nacos Server now...
14:00:39:822  INFO 28664 --- [SpringApplicationShutdownHook] c.a.c.n.registry.NacosServiceRegistry    : De-registration finished.
14:00:40:126  INFO 28664 --- [SpringApplicationShutdownHook] com.alibaba.nacos.common.remote.client   : Shutdown rpc client, set status to shutdown
14:00:40:126  INFO 28664 --- [SpringApplicationShutdownHook] com.alibaba.nacos.common.remote.client   : Shutdown client event executor java.util.concurrent.ScheduledThreadPoolExecutor@1c1db9b[Running, pool size = 2, active threads = 2, queued tasks = 0, completed tasks = 0]
14:00:40:126  INFO 28664 --- [SpringApplicationShutdownHook] com.alibaba.nacos.common.remote.client   : Close current connection 1754891289102_172.17.0.1_53808
14:00:40:130  INFO 28664 --- [nacos-grpc-client-executor-180] c.a.n.c.remote.client.grpc.GrpcClient    : [1754891289102_172.17.0.1_53808]Ignore complete event,isRunning:false,isAbandon=false
14:00:40:133  INFO 28664 --- [SpringApplicationShutdownHook] c.a.n.c.remote.client.grpc.GrpcClient    : Shutdown grpc executor java.util.concurrent.ThreadPoolExecutor@427cbb13[Running, pool size = 4, active threads = 0, queued tasks = 0, completed tasks = 181]
14:00:40:135  INFO 28664 --- [SpringApplicationShutdownHook] com.zaxxer.hikari.HikariDataSource       : HikariPool-1 - Shutdown initiated...
14:00:40:558  INFO 28664 --- [SpringApplicationShutdownHook] com.zaxxer.hikari.HikariDataSource       : HikariPool-1 - Shutdown completed.
14:00:49:676  INFO 35392 --- [main] com.hmall.cart.CartApplication           : The following 1 profile is active: "dev"
14:00:50:249  INFO 35392 --- [main] .s.d.r.c.RepositoryConfigurationDelegate : Multiple Spring Data modules found, entering strict repository configuration mode
14:00:50:252  INFO 35392 --- [main] .s.d.r.c.RepositoryConfigurationDelegate : Bootstrapping Spring Data Redis repositories in DEFAULT mode.
14:00:50:272  INFO 35392 --- [main] .s.d.r.c.RepositoryConfigurationDelegate : Finished Spring Data repository scanning in 9 ms. Found 0 Redis repository interfaces.
14:00:50:507  INFO 35392 --- [main] o.s.cloud.context.scope.GenericScope     : BeanFactory id=558b552b-75bc-31bd-b7c2-7620f2186e4a
14:00:50:867  INFO 35392 --- [main] o.s.b.w.embedded.tomcat.TomcatWebServer  : Tomcat initialized with port(s): 8082 (http)
14:00:50:876  INFO 35392 --- [main] o.apache.catalina.core.StandardService   : Starting service [Tomcat]
14:00:50:877  INFO 35392 --- [main] org.apache.catalina.core.StandardEngine  : Starting Servlet engine: [Apache Tomcat/9.0.75]
14:00:51:015  INFO 35392 --- [main] o.a.c.c.C.[Tomcat].[localhost].[/]       : Initializing Spring embedded WebApplicationContext
14:00:51:015  INFO 35392 --- [main] w.s.c.ServletWebServerApplicationContext : Root WebApplicationContext: initialization completed in 1325 ms
14:00:51:185  INFO 35392 --- [main] o.s.c.openfeign.FeignClientFactoryBean   : For 'item-service' URL not provided. Will try picking an instance via load-balancing.
14:00:53:310  INFO 35392 --- [main] o.s.cloud.commons.util.InetUtils         : Cannot determine local hostname
14:00:53:329  INFO 35392 --- [main] pertySourcedRequestMappingHandlerMapping : Mapped URL path [/v2/api-docs] onto method [springfox.documentation.swagger2.web.Swagger2ControllerWebMvc#getDocumentation(String, HttpServletRequest)]
14:00:54:990  INFO 35392 --- [main] o.s.cloud.commons.util.InetUtils         : Cannot determine local hostname
14:00:55:092  INFO 35392 --- [main] com.alibaba.nacos.common.remote.client   : [RpcClientFactory] create a new rpc client of 8d776a8f-4e7c-415e-bf8e-f4b00eb0b16f
14:00:55:092  INFO 35392 --- [main] com.alibaba.nacos.common.remote.client   : [8d776a8f-4e7c-415e-bf8e-f4b00eb0b16f] RpcClient init label, labels = {module=naming, source=sdk}
14:00:55:095  INFO 35392 --- [main] com.alibaba.nacos.common.remote.client   : [8d776a8f-4e7c-415e-bf8e-f4b00eb0b16f] RpcClient init, ServerListFactory = com.alibaba.nacos.client.naming.core.ServerListManager
14:00:55:095  INFO 35392 --- [main] com.alibaba.nacos.common.remote.client   : [8d776a8f-4e7c-415e-bf8e-f4b00eb0b16f] Registry connection listener to current client:com.alibaba.nacos.client.naming.remote.gprc.redo.NamingGrpcRedoService
14:00:55:096  INFO 35392 --- [main] com.alibaba.nacos.common.remote.client   : [8d776a8f-4e7c-415e-bf8e-f4b00eb0b16f] Register server push request handler:com.alibaba.nacos.client.naming.remote.gprc.NamingPushRequestHandler
14:00:55:096  INFO 35392 --- [main] com.alibaba.nacos.common.remote.client   : [8d776a8f-4e7c-415e-bf8e-f4b00eb0b16f] Try to connect to server on start up, server: {serverIp = 'localhost', server main port = 8848}
14:00:55:224  INFO 35392 --- [main] com.alibaba.nacos.common.remote.client   : [8d776a8f-4e7c-415e-bf8e-f4b00eb0b16f] Success to connect to server [localhost:8848] on start up, connectionId = 1754892055102_172.17.0.1_44924
14:00:55:224  INFO 35392 --- [main] com.alibaba.nacos.common.remote.client   : [8d776a8f-4e7c-415e-bf8e-f4b00eb0b16f] Register server push request handler:com.alibaba.nacos.common.remote.client.RpcClient$ConnectResetRequestHandler
14:00:55:224  INFO 35392 --- [main] com.alibaba.nacos.common.remote.client   : [8d776a8f-4e7c-415e-bf8e-f4b00eb0b16f] Register server push request handler:com.alibaba.nacos.common.remote.client.RpcClient$$Lambda$486/0x00000228014eb250
14:00:55:224  INFO 35392 --- [com.alibaba.nacos.client.remote.worker] com.alibaba.nacos.common.remote.client   : [8d776a8f-4e7c-415e-bf8e-f4b00eb0b16f] Notify connected event to listeners.
14:00:55:260  INFO 35392 --- [main] o.s.b.w.embedded.tomcat.TomcatWebServer  : Tomcat started on port(s): 8082 (http) with context path ''
14:00:55:269  INFO 35392 --- [main] c.a.c.n.registry.NacosServiceRegistry    : nacos registry, DEFAULT_GROUP cart-service 192.168.138.1:8082 register finished
14:00:55:798  INFO 35392 --- [nacos-grpc-client-executor-6] com.alibaba.nacos.common.remote.client   : [8d776a8f-4e7c-415e-bf8e-f4b00eb0b16f] Receive server push request, request = NotifySubscriberRequest, requestId = 16
14:00:55:799  INFO 35392 --- [nacos-grpc-client-executor-6] com.alibaba.nacos.common.remote.client   : [8d776a8f-4e7c-415e-bf8e-f4b00eb0b16f] Ack server push request, request = NotifySubscriberRequest, requestId = 16
14:00:56:671  INFO 35392 --- [main] o.s.cloud.commons.util.InetUtils         : Cannot determine local hostname
14:00:56:672  INFO 35392 --- [main] d.s.w.p.DocumentationPluginsBootstrapper : Documentation plugins bootstrapped
14:00:56:673  INFO 35392 --- [main] d.s.w.p.DocumentationPluginsBootstrapper : Found 1 custom documentation plugin(s)
14:00:56:690  INFO 35392 --- [main] s.d.s.w.s.ApiListingReferenceScanner     : Scanning for api listing references
14:00:56:761  INFO 35392 --- [main] com.hmall.cart.CartApplication           : Started CartApplication in 12.142 seconds (JVM running for 12.82)
14:00:56:765  INFO 35392 --- [main] c.a.c.n.refresh.NacosContextRefresher    : [Nacos Config] Listening config: dataId=cart-service, group=DEFAULT_GROUP
14:00:56:766  INFO 35392 --- [main] c.a.c.n.refresh.NacosContextRefresher    : [Nacos Config] Listening config: dataId=cart-service.yaml, group=DEFAULT_GROUP
14:00:56:766  INFO 35392 --- [main] c.a.c.n.refresh.NacosContextRefresher    : [Nacos Config] Listening config: dataId=cart-service-dev.yaml, group=DEFAULT_GROUP
14:01:06:949  INFO 35392 --- [http-nio-8082-exec-1] o.a.c.c.C.[Tomcat].[localhost].[/]       : Initializing Spring DispatcherServlet 'dispatcherServlet'
14:01:06:951  INFO 35392 --- [http-nio-8082-exec-1] o.s.web.servlet.DispatcherServlet        : Initializing Servlet 'dispatcherServlet'
14:01:06:953  INFO 35392 --- [http-nio-8082-exec-1] o.s.web.servlet.DispatcherServlet        : Completed initialization in 2 ms
14:01:07:145  INFO 35392 --- [http-nio-8082-exec-1] com.zaxxer.hikari.HikariDataSource       : HikariPool-1 - Starting...
14:01:08:151  INFO 35392 --- [http-nio-8082-exec-1] com.zaxxer.hikari.HikariDataSource       : HikariPool-1 - Start completed.
14:01:08:158 DEBUG 35392 --- [http-nio-8082-exec-1] c.h.cart.mapper.CartMapper.selectList    : ==>  Preparing: SELECT id,user_id,item_id,num,name,spec,price,image,create_time,update_time FROM cart WHERE (user_id = ?)
14:01:08:190 DEBUG 35392 --- [http-nio-8082-exec-1] c.h.cart.mapper.CartMapper.selectList    : ==> Parameters: 1(Long)
14:01:08:281 DEBUG 35392 --- [http-nio-8082-exec-1] c.h.cart.mapper.CartMapper.selectList    : <==      Total: 1
14:01:09:007  INFO 35392 --- [nacos-grpc-client-executor-11] com.alibaba.nacos.common.remote.client   : [8d776a8f-4e7c-415e-bf8e-f4b00eb0b16f] Receive server push request, request = NotifySubscriberRequest, requestId = 18
14:01:09:007  INFO 35392 --- [nacos-grpc-client-executor-11] com.alibaba.nacos.common.remote.client   : [8d776a8f-4e7c-415e-bf8e-f4b00eb0b16f] Ack server push request, request = NotifySubscriberRequest, requestId = 18
14:01:10:332 DEBUG 35392 --- [http-nio-8082-exec-2] c.h.cart.mapper.CartMapper.updateById    : ==>  Preparing: UPDATE cart SET num=? WHERE id=?
14:01:10:332 DEBUG 35392 --- [http-nio-8082-exec-2] c.h.cart.mapper.CartMapper.updateById    : ==> Parameters: 4(Integer), 14(Long)
14:01:10:419 DEBUG 35392 --- [http-nio-8082-exec-2] c.h.cart.mapper.CartMapper.updateById    : <==    Updates: 1
14:01:10:434 DEBUG 35392 --- [http-nio-8082-exec-3] c.h.cart.mapper.CartMapper.selectList    : ==>  Preparing: SELECT id,user_id,item_id,num,name,spec,price,image,create_time,update_time FROM cart WHERE (user_id = ?)
14:01:10:435 DEBUG 35392 --- [http-nio-8082-exec-3] c.h.cart.mapper.CartMapper.selectList    : ==> Parameters: 1(Long)
14:01:10:485 DEBUG 35392 --- [http-nio-8082-exec-3] c.h.cart.mapper.CartMapper.selectList    : <==      Total: 1
14:01:10:656 DEBUG 35392 --- [http-nio-8082-exec-9] c.h.cart.mapper.CartMapper.updateById    : ==>  Preparing: UPDATE cart SET num=? WHERE id=?
14:01:10:657 DEBUG 35392 --- [http-nio-8082-exec-9] c.h.cart.mapper.CartMapper.updateById    : ==> Parameters: 5(Integer), 14(Long)
14:01:10:756 DEBUG 35392 --- [http-nio-8082-exec-9] c.h.cart.mapper.CartMapper.updateById    : <==    Updates: 1
14:01:10:767 DEBUG 35392 --- [http-nio-8082-exec-5] c.h.cart.mapper.CartMapper.selectList    : ==>  Preparing: SELECT id,user_id,item_id,num,name,spec,price,image,create_time,update_time FROM cart WHERE (user_id = ?)
14:01:10:768 DEBUG 35392 --- [http-nio-8082-exec-5] c.h.cart.mapper.CartMapper.selectList    : ==> Parameters: 1(Long)
14:01:10:812 DEBUG 35392 --- [http-nio-8082-exec-5] c.h.cart.mapper.CartMapper.selectList    : <==      Total: 1
14:01:10:952 DEBUG 35392 --- [http-nio-8082-exec-6] c.h.cart.mapper.CartMapper.updateById    : ==>  Preparing: UPDATE cart SET num=? WHERE id=?
14:01:10:953 DEBUG 35392 --- [http-nio-8082-exec-6] c.h.cart.mapper.CartMapper.updateById    : ==> Parameters: 6(Integer), 14(Long)
14:01:11:029 DEBUG 35392 --- [http-nio-8082-exec-6] c.h.cart.mapper.CartMapper.updateById    : <==    Updates: 1
14:01:11:045 DEBUG 35392 --- [http-nio-8082-exec-7] c.h.cart.mapper.CartMapper.selectList    : ==>  Preparing: SELECT id,user_id,item_id,num,name,spec,price,image,create_time,update_time FROM cart WHERE (user_id = ?)
14:01:11:045 DEBUG 35392 --- [http-nio-8082-exec-7] c.h.cart.mapper.CartMapper.selectList    : ==> Parameters: 1(Long)
14:01:11:084 DEBUG 35392 --- [http-nio-8082-exec-7] c.h.cart.mapper.CartMapper.selectList    : <==      Total: 1
14:01:11:144 DEBUG 35392 --- [http-nio-8082-exec-8] c.h.cart.mapper.CartMapper.updateById    : ==>  Preparing: UPDATE cart SET num=? WHERE id=?
14:01:11:144 DEBUG 35392 --- [http-nio-8082-exec-8] c.h.cart.mapper.CartMapper.updateById    : ==> Parameters: 6(Integer), 14(Long)
14:01:11:228 DEBUG 35392 --- [http-nio-8082-exec-8] c.h.cart.mapper.CartMapper.updateById    : <==    Updates: 1
14:01:11:239 DEBUG 35392 --- [http-nio-8082-exec-4] c.h.cart.mapper.CartMapper.selectList    : ==>  Preparing: SELECT id,user_id,item_id,num,name,spec,price,image,create_time,update_time FROM cart WHERE (user_id = ?)
14:01:11:240 DEBUG 35392 --- [http-nio-8082-exec-4] c.h.cart.mapper.CartMapper.selectList    : ==> Parameters: 1(Long)
14:01:11:285 DEBUG 35392 --- [http-nio-8082-exec-4] c.h.cart.mapper.CartMapper.selectList    : <==      Total: 1
14:01:11:359 DEBUG 35392 --- [http-nio-8082-exec-10] c.h.cart.mapper.CartMapper.updateById    : ==>  Preparing: UPDATE cart SET num=? WHERE id=?
14:01:11:359 DEBUG 35392 --- [http-nio-8082-exec-10] c.h.cart.mapper.CartMapper.updateById    : ==> Parameters: 7(Integer), 14(Long)
14:01:11:452 DEBUG 35392 --- [http-nio-8082-exec-10] c.h.cart.mapper.CartMapper.updateById    : <==    Updates: 1
14:01:11:462 DEBUG 35392 --- [http-nio-8082-exec-1] c.h.cart.mapper.CartMapper.selectList    : ==>  Preparing: SELECT id,user_id,item_id,num,name,spec,price,image,create_time,update_time FROM cart WHERE (user_id = ?)
14:01:11:462 DEBUG 35392 --- [http-nio-8082-exec-1] c.h.cart.mapper.CartMapper.selectList    : ==> Parameters: 1(Long)
14:01:11:513 DEBUG 35392 --- [http-nio-8082-exec-1] c.h.cart.mapper.CartMapper.selectList    : <==      Total: 1
14:01:11:578 DEBUG 35392 --- [http-nio-8082-exec-2] c.h.cart.mapper.CartMapper.updateById    : ==>  Preparing: UPDATE cart SET num=? WHERE id=?
14:01:11:578 DEBUG 35392 --- [http-nio-8082-exec-2] c.h.cart.mapper.CartMapper.updateById    : ==> Parameters: 7(Integer), 14(Long)
14:01:11:668 DEBUG 35392 --- [http-nio-8082-exec-2] c.h.cart.mapper.CartMapper.updateById    : <==    Updates: 1
14:01:11:678 DEBUG 35392 --- [http-nio-8082-exec-3] c.h.cart.mapper.CartMapper.updateById    : ==>  Preparing: UPDATE cart SET num=? WHERE id=?
14:01:11:678 DEBUG 35392 --- [http-nio-8082-exec-3] c.h.cart.mapper.CartMapper.updateById    : ==> Parameters: 8(Integer), 14(Long)
14:01:11:718 DEBUG 35392 --- [http-nio-8082-exec-9] c.h.cart.mapper.CartMapper.selectList    : ==>  Preparing: SELECT id,user_id,item_id,num,name,spec,price,image,create_time,update_time FROM cart WHERE (user_id = ?)
14:01:11:729 DEBUG 35392 --- [http-nio-8082-exec-9] c.h.cart.mapper.CartMapper.selectList    : ==> Parameters: 1(Long)
14:01:11:759 DEBUG 35392 --- [http-nio-8082-exec-3] c.h.cart.mapper.CartMapper.updateById    : <==    Updates: 1
14:01:11:790 DEBUG 35392 --- [http-nio-8082-exec-9] c.h.cart.mapper.CartMapper.selectList    : <==      Total: 1
14:01:11:862 DEBUG 35392 --- [http-nio-8082-exec-5] c.h.cart.mapper.CartMapper.selectList    : ==>  Preparing: SELECT id,user_id,item_id,num,name,spec,price,image,create_time,update_time FROM cart WHERE (user_id = ?)
14:01:11:862 DEBUG 35392 --- [http-nio-8082-exec-5] c.h.cart.mapper.CartMapper.selectList    : ==> Parameters: 1(Long)
14:01:11:906 DEBUG 35392 --- [http-nio-8082-exec-5] c.h.cart.mapper.CartMapper.selectList    : <==      Total: 1
14:01:11:968 DEBUG 35392 --- [http-nio-8082-exec-6] c.h.cart.mapper.CartMapper.updateById    : ==>  Preparing: UPDATE cart SET num=? WHERE id=?
14:01:11:969 DEBUG 35392 --- [http-nio-8082-exec-6] c.h.cart.mapper.CartMapper.updateById    : ==> Parameters: 8(Integer), 14(Long)
14:01:12:069 DEBUG 35392 --- [http-nio-8082-exec-6] c.h.cart.mapper.CartMapper.updateById    : <==    Updates: 1
14:01:12:077 DEBUG 35392 --- [http-nio-8082-exec-7] c.h.cart.mapper.CartMapper.updateById    : ==>  Preparing: UPDATE cart SET num=? WHERE id=?
14:01:12:078 DEBUG 35392 --- [http-nio-8082-exec-7] c.h.cart.mapper.CartMapper.updateById    : ==> Parameters: 9(Integer), 14(Long)
14:01:12:162 DEBUG 35392 --- [http-nio-8082-exec-7] c.h.cart.mapper.CartMapper.updateById    : <==    Updates: 1
14:01:12:192 DEBUG 35392 --- [http-nio-8082-exec-8] c.h.cart.mapper.CartMapper.selectList    : ==>  Preparing: SELECT id,user_id,item_id,num,name,spec,price,image,create_time,update_time FROM cart WHERE (user_id = ?)
14:01:12:192 DEBUG 35392 --- [http-nio-8082-exec-8] c.h.cart.mapper.CartMapper.selectList    : ==> Parameters: 1(Long)
14:01:12:234 DEBUG 35392 --- [http-nio-8082-exec-8] c.h.cart.mapper.CartMapper.selectList    : <==      Total: 1
14:01:12:324 DEBUG 35392 --- [http-nio-8082-exec-4] c.h.cart.mapper.CartMapper.selectList    : ==>  Preparing: SELECT id,user_id,item_id,num,name,spec,price,image,create_time,update_time FROM cart WHERE (user_id = ?)
14:01:12:324 DEBUG 35392 --- [http-nio-8082-exec-4] c.h.cart.mapper.CartMapper.selectList    : ==> Parameters: 1(Long)
14:01:12:361 DEBUG 35392 --- [http-nio-8082-exec-4] c.h.cart.mapper.CartMapper.selectList    : <==      Total: 1
14:01:12:985 DEBUG 35392 --- [http-nio-8082-exec-10] c.h.cart.mapper.CartMapper.updateById    : ==>  Preparing: UPDATE cart SET num=? WHERE id=?
14:01:12:985 DEBUG 35392 --- [http-nio-8082-exec-10] c.h.cart.mapper.CartMapper.updateById    : ==> Parameters: 10(Integer), 14(Long)
14:01:13:065 DEBUG 35392 --- [http-nio-8082-exec-10] c.h.cart.mapper.CartMapper.updateById    : <==    Updates: 1
14:01:13:080 DEBUG 35392 --- [http-nio-8082-exec-1] c.h.cart.mapper.CartMapper.selectList    : ==>  Preparing: SELECT id,user_id,item_id,num,name,spec,price,image,create_time,update_time FROM cart WHERE (user_id = ?)
14:01:13:080 DEBUG 35392 --- [http-nio-8082-exec-1] c.h.cart.mapper.CartMapper.selectList    : ==> Parameters: 1(Long)
14:01:13:125 DEBUG 35392 --- [http-nio-8082-exec-1] c.h.cart.mapper.CartMapper.selectList    : <==      Total: 1
14:01:13:710 DEBUG 35392 --- [http-nio-8082-exec-2] c.h.cart.mapper.CartMapper.updateById    : ==>  Preparing: UPDATE cart SET num=? WHERE id=?
14:01:13:717 DEBUG 35392 --- [http-nio-8082-exec-2] c.h.cart.mapper.CartMapper.updateById    : ==> Parameters: 11(Integer), 14(Long)
14:01:13:798 DEBUG 35392 --- [http-nio-8082-exec-2] c.h.cart.mapper.CartMapper.updateById    : <==    Updates: 1
14:01:13:809 DEBUG 35392 --- [http-nio-8082-exec-3] c.h.cart.mapper.CartMapper.selectList    : ==>  Preparing: SELECT id,user_id,item_id,num,name,spec,price,image,create_time,update_time FROM cart WHERE (user_id = ?)
14:01:13:809 DEBUG 35392 --- [http-nio-8082-exec-3] c.h.cart.mapper.CartMapper.selectList    : ==> Parameters: 1(Long)
14:01:13:860 DEBUG 35392 --- [http-nio-8082-exec-3] c.h.cart.mapper.CartMapper.selectList    : <==      Total: 1
14:01:14:828 DEBUG 35392 --- [http-nio-8082-exec-9] c.h.cart.mapper.CartMapper.updateById    : ==>  Preparing: UPDATE cart SET num=? WHERE id=?
14:01:14:828 DEBUG 35392 --- [http-nio-8082-exec-9] c.h.cart.mapper.CartMapper.updateById    : ==> Parameters: 12(Integer), 14(Long)
14:01:14:929 DEBUG 35392 --- [http-nio-8082-exec-9] c.h.cart.mapper.CartMapper.updateById    : <==    Updates: 1
14:01:14:983 DEBUG 35392 --- [http-nio-8082-exec-5] c.h.cart.mapper.CartMapper.selectList    : ==>  Preparing: SELECT id,user_id,item_id,num,name,spec,price,image,create_time,update_time FROM cart WHERE (user_id = ?)
14:01:14:983 DEBUG 35392 --- [http-nio-8082-exec-5] c.h.cart.mapper.CartMapper.selectList    : ==> Parameters: 1(Long)
14:01:15:029 DEBUG 35392 --- [http-nio-8082-exec-5] c.h.cart.mapper.CartMapper.selectList    : <==      Total: 1
14:01:15:738 DEBUG 35392 --- [http-nio-8082-exec-6] c.h.cart.mapper.CartMapper.updateById    : ==>  Preparing: UPDATE cart SET num=? WHERE id=?
14:01:15:738 DEBUG 35392 --- [http-nio-8082-exec-6] c.h.cart.mapper.CartMapper.updateById    : ==> Parameters: 13(Integer), 14(Long)
14:01:15:831 DEBUG 35392 --- [http-nio-8082-exec-6] c.h.cart.mapper.CartMapper.updateById    : <==    Updates: 1
14:01:15:837 DEBUG 35392 --- [http-nio-8082-exec-7] c.h.cart.mapper.CartMapper.selectList    : ==>  Preparing: SELECT id,user_id,item_id,num,name,spec,price,image,create_time,update_time FROM cart WHERE (user_id = ?)
14:01:15:842 DEBUG 35392 --- [http-nio-8082-exec-7] c.h.cart.mapper.CartMapper.selectList    : ==> Parameters: 1(Long)
14:01:15:884 DEBUG 35392 --- [http-nio-8082-exec-7] c.h.cart.mapper.CartMapper.selectList    : <==      Total: 1
14:01:36:182 DEBUG 35392 --- [http-nio-8082-exec-8] c.h.cart.mapper.CartMapper.deleteById    : ==>  Preparing: DELETE FROM cart WHERE id=?
14:01:36:183 DEBUG 35392 --- [http-nio-8082-exec-8] c.h.cart.mapper.CartMapper.deleteById    : ==> Parameters: 14(Long)
14:01:36:278 DEBUG 35392 --- [http-nio-8082-exec-8] c.h.cart.mapper.CartMapper.deleteById    : <==    Updates: 1
14:01:36:311 DEBUG 35392 --- [http-nio-8082-exec-4] c.h.cart.mapper.CartMapper.selectList    : ==>  Preparing: SELECT id,user_id,item_id,num,name,spec,price,image,create_time,update_time FROM cart WHERE (user_id = ?)
14:01:36:311 DEBUG 35392 --- [http-nio-8082-exec-4] c.h.cart.mapper.CartMapper.selectList    : ==> Parameters: 1(Long)
14:01:36:358 DEBUG 35392 --- [http-nio-8082-exec-4] c.h.cart.mapper.CartMapper.selectList    : <==      Total: 0
14:01:39:187 DEBUG 35392 --- [http-nio-8082-exec-10] c.h.cart.mapper.CartMapper.selectCount   : ==>  Preparing: SELECT COUNT( * ) AS total FROM cart WHERE (user_id = ? AND item_id = ?)
14:01:39:189 DEBUG 35392 --- [http-nio-8082-exec-10] c.h.cart.mapper.CartMapper.selectCount   : ==> Parameters: 1(Long), 2120808(Long)
14:01:39:228 DEBUG 35392 --- [http-nio-8082-exec-10] c.h.cart.mapper.CartMapper.selectCount   : <==      Total: 1
14:01:39:230 DEBUG 35392 --- [http-nio-8082-exec-10] c.h.cart.mapper.CartMapper.selectCount   : ==>  Preparing: SELECT COUNT( * ) AS total FROM cart WHERE (user_id = ?)
14:01:39:231 DEBUG 35392 --- [http-nio-8082-exec-10] c.h.cart.mapper.CartMapper.selectCount   : ==> Parameters: 1(Long)
14:01:39:268 DEBUG 35392 --- [http-nio-8082-exec-10] c.h.cart.mapper.CartMapper.selectCount   : <==      Total: 1
14:01:39:271 DEBUG 35392 --- [http-nio-8082-exec-10] com.hmall.cart.mapper.CartMapper.insert  : ==>  Preparing: INSERT INTO cart ( user_id, item_id, name, spec, price, image ) VALUES ( ?, ?, ?, ?, ?, ? )
14:01:39:271 DEBUG 35392 --- [http-nio-8082-exec-10] com.hmall.cart.mapper.CartMapper.insert  : ==> Parameters: 1(Long), 2120808(Long), 姬龙雪 guy laroche女包 GL经典手提包女牛皮大容量单肩包女欧美时尚包包女包GS1210001-06杏色(String), {}(String), 71800(Integer), https://m.360buyimg.com/mobilecms/s720x720_jfs/t30694/267/398774087/90954/6fc143cf/5bf25358N14dadbf7.jpg!q70.jpg.webp(String)
14:01:39:361 DEBUG 35392 --- [http-nio-8082-exec-10] com.hmall.cart.mapper.CartMapper.insert  : <==    Updates: 1
14:01:39:433 DEBUG 35392 --- [http-nio-8082-exec-1] c.h.cart.mapper.CartMapper.selectList    : ==>  Preparing: SELECT id,user_id,item_id,num,name,spec,price,image,create_time,update_time FROM cart WHERE (user_id = ?)
14:01:39:433 DEBUG 35392 --- [http-nio-8082-exec-1] c.h.cart.mapper.CartMapper.selectList    : ==> Parameters: 1(Long)
14:01:39:479 DEBUG 35392 --- [http-nio-8082-exec-1] c.h.cart.mapper.CartMapper.selectList    : <==      Total: 1
14:01:44:531 DEBUG 35392 --- [http-nio-8082-exec-2] c.h.cart.mapper.CartMapper.deleteById    : ==>  Preparing: DELETE FROM cart WHERE id=?
14:01:44:532 DEBUG 35392 --- [http-nio-8082-exec-2] c.h.cart.mapper.CartMapper.deleteById    : ==> Parameters: 15(Long)
14:01:44:627 DEBUG 35392 --- [http-nio-8082-exec-2] c.h.cart.mapper.CartMapper.deleteById    : <==    Updates: 1
14:01:44:644 DEBUG 35392 --- [http-nio-8082-exec-3] c.h.cart.mapper.CartMapper.selectList    : ==>  Preparing: SELECT id,user_id,item_id,num,name,spec,price,image,create_time,update_time FROM cart WHERE (user_id = ?)
14:01:44:644 DEBUG 35392 --- [http-nio-8082-exec-3] c.h.cart.mapper.CartMapper.selectList    : ==> Parameters: 1(Long)
14:01:44:686 DEBUG 35392 --- [http-nio-8082-exec-3] c.h.cart.mapper.CartMapper.selectList    : <==      Total: 0
14:01:49:108 DEBUG 35392 --- [http-nio-8082-exec-9] c.h.cart.mapper.CartMapper.selectCount   : ==>  Preparing: SELECT COUNT( * ) AS total FROM cart WHERE (user_id = ? AND item_id = ?)
14:01:49:109 DEBUG 35392 --- [http-nio-8082-exec-9] c.h.cart.mapper.CartMapper.selectCount   : ==> Parameters: 1(Long), 40305713537(Long)
14:01:49:161 DEBUG 35392 --- [http-nio-8082-exec-9] c.h.cart.mapper.CartMapper.selectCount   : <==      Total: 1
14:01:49:162 DEBUG 35392 --- [http-nio-8082-exec-9] c.h.cart.mapper.CartMapper.selectCount   : ==>  Preparing: SELECT COUNT( * ) AS total FROM cart WHERE (user_id = ?)
14:01:49:162 DEBUG 35392 --- [http-nio-8082-exec-9] c.h.cart.mapper.CartMapper.selectCount   : ==> Parameters: 1(Long)
14:01:49:211 DEBUG 35392 --- [http-nio-8082-exec-9] c.h.cart.mapper.CartMapper.selectCount   : <==      Total: 1
14:01:49:212 DEBUG 35392 --- [http-nio-8082-exec-9] com.hmall.cart.mapper.CartMapper.insert  : ==>  Preparing: INSERT INTO cart ( user_id, item_id, name, spec, price, image ) VALUES ( ?, ?, ?, ?, ?, ? )
14:01:49:213 DEBUG 35392 --- [http-nio-8082-exec-9] com.hmall.cart.mapper.CartMapper.insert  : ==> Parameters: 1(Long), 40305713537(Long), 【官方正品 品牌直营】奥古狮登小白鞋女秋季透气2018新款百搭韩版休闲鞋运动鞋女鞋厚底板鞋女 浅蓝【厚底】 41(String), {"颜色": "金色", "尺码": "41"}(String), 35400(Integer), https://m.360buyimg.com/mobilecms/s720x720_jfs/t1/14147/34/2890/275451/5c225484Ebd346404/e61513be4639ee2e.jpg!q70.jpg.webp(String)
14:01:49:335 DEBUG 35392 --- [http-nio-8082-exec-9] com.hmall.cart.mapper.CartMapper.insert  : <==    Updates: 1
14:01:49:435 DEBUG 35392 --- [http-nio-8082-exec-5] c.h.cart.mapper.CartMapper.selectList    : ==>  Preparing: SELECT id,user_id,item_id,num,name,spec,price,image,create_time,update_time FROM cart WHERE (user_id = ?)
14:01:49:435 DEBUG 35392 --- [http-nio-8082-exec-5] c.h.cart.mapper.CartMapper.selectList    : ==> Parameters: 1(Long)
14:01:49:478 DEBUG 35392 --- [http-nio-8082-exec-5] c.h.cart.mapper.CartMapper.selectList    : <==      Total: 1
14:01:53:970 DEBUG 35392 --- [http-nio-8082-exec-6] c.h.cart.mapper.CartMapper.selectCount   : ==>  Preparing: SELECT COUNT( * ) AS total FROM cart WHERE (user_id = ? AND item_id = ?)
14:01:53:970 DEBUG 35392 --- [http-nio-8082-exec-6] c.h.cart.mapper.CartMapper.selectCount   : ==> Parameters: 1(Long), 100001511821(Long)
14:01:54:020 DEBUG 35392 --- [http-nio-8082-exec-6] c.h.cart.mapper.CartMapper.selectCount   : <==      Total: 1
14:01:54:021 DEBUG 35392 --- [http-nio-8082-exec-6] c.h.cart.mapper.CartMapper.selectCount   : ==>  Preparing: SELECT COUNT( * ) AS total FROM cart WHERE (user_id = ?)
14:01:54:021 DEBUG 35392 --- [http-nio-8082-exec-6] c.h.cart.mapper.CartMapper.selectCount   : ==> Parameters: 1(Long)
14:01:54:067 DEBUG 35392 --- [http-nio-8082-exec-6] c.h.cart.mapper.CartMapper.selectCount   : <==      Total: 1
14:01:54:075 ERROR 35392 --- [http-nio-8082-exec-6] o.a.c.c.C.[.[.[/].[dispatcherServlet]    : Servlet.service() for servlet [dispatcherServlet] in context with path [] threw exception [Request processing failed; nested exception is com.hmall.common.exception.BizIllegalException: 用户购物车课程不能超过1] with root cause

com.hmall.common.exception.BizIllegalException: 用户购物车课程不能超过1
	at com.hmall.cart.service.impl.CartServiceImpl.checkCartsFull(CartServiceImpl.java:148) ~[classes/:na]
	at com.hmall.cart.service.impl.CartServiceImpl.addItem2Cart(CartServiceImpl.java:58) ~[classes/:na]
	at com.hmall.cart.service.impl.CartServiceImpl$$FastClassBySpringCGLIB$$7813828f.invoke(<generated>) ~[classes/:na]
	at org.springframework.cglib.proxy.MethodProxy.invoke(MethodProxy.java:218) ~[spring-core-5.3.27.jar:5.3.27]
	at org.springframework.aop.framework.CglibAopProxy.invokeMethod(CglibAopProxy.java:386) ~[spring-aop-5.3.27.jar:5.3.27]
	at org.springframework.aop.framework.CglibAopProxy.access$000(CglibAopProxy.java:85) ~[spring-aop-5.3.27.jar:5.3.27]
	at org.springframework.aop.framework.CglibAopProxy$DynamicAdvisedInterceptor.intercept(CglibAopProxy.java:704) ~[spring-aop-5.3.27.jar:5.3.27]
	at com.hmall.cart.service.impl.CartServiceImpl$$EnhancerBySpringCGLIB$$ae6ecff8.addItem2Cart(<generated>) ~[classes/:na]
	at com.hmall.cart.controller.CartController.addItem2Cart(CartController.java:28) ~[classes/:na]
	at java.base/jdk.internal.reflect.NativeMethodAccessorImpl.invoke0(Native Method) ~[na:na]
	at java.base/jdk.internal.reflect.NativeMethodAccessorImpl.invoke(NativeMethodAccessorImpl.java:77) ~[na:na]
	at java.base/jdk.internal.reflect.DelegatingMethodAccessorImpl.invoke(DelegatingMethodAccessorImpl.java:43) ~[na:na]
	at java.base/java.lang.reflect.Method.invoke(Method.java:568) ~[na:na]
	at org.springframework.web.method.support.InvocableHandlerMethod.doInvoke(InvocableHandlerMethod.java:205) ~[spring-web-5.3.27.jar:5.3.27]
	at org.springframework.web.method.support.InvocableHandlerMethod.invokeForRequest(InvocableHandlerMethod.java:150) ~[spring-web-5.3.27.jar:5.3.27]
	at org.springframework.web.servlet.mvc.method.annotation.ServletInvocableHandlerMethod.invokeAndHandle(ServletInvocableHandlerMethod.java:117) ~[spring-webmvc-5.3.27.jar:5.3.27]
	at org.springframework.web.servlet.mvc.method.annotation.RequestMappingHandlerAdapter.invokeHandlerMethod(RequestMappingHandlerAdapter.java:895) ~[spring-webmvc-5.3.27.jar:5.3.27]
	at org.springframework.web.servlet.mvc.method.annotation.RequestMappingHandlerAdapter.handleInternal(RequestMappingHandlerAdapter.java:808) ~[spring-webmvc-5.3.27.jar:5.3.27]
	at org.springframework.web.servlet.mvc.method.AbstractHandlerMethodAdapter.handle(AbstractHandlerMethodAdapter.java:87) ~[spring-webmvc-5.3.27.jar:5.3.27]
	at org.springframework.web.servlet.DispatcherServlet.doDispatch(DispatcherServlet.java:1072) ~[spring-webmvc-5.3.27.jar:5.3.27]
	at org.springframework.web.servlet.DispatcherServlet.doService(DispatcherServlet.java:965) ~[spring-webmvc-5.3.27.jar:5.3.27]
	at org.springframework.web.servlet.FrameworkServlet.processRequest(FrameworkServlet.java:1006) ~[spring-webmvc-5.3.27.jar:5.3.27]
	at org.springframework.web.servlet.FrameworkServlet.doPost(FrameworkServlet.java:909) ~[spring-webmvc-5.3.27.jar:5.3.27]
	at javax.servlet.http.HttpServlet.service(HttpServlet.java:555) ~[tomcat-embed-core-9.0.75.jar:4.0.FR]
	at org.springframework.web.servlet.FrameworkServlet.service(FrameworkServlet.java:883) ~[spring-webmvc-5.3.27.jar:5.3.27]
	at javax.servlet.http.HttpServlet.service(HttpServlet.java:623) ~[tomcat-embed-core-9.0.75.jar:4.0.FR]
	at org.apache.catalina.core.ApplicationFilterChain.internalDoFilter(ApplicationFilterChain.java:209) ~[tomcat-embed-core-9.0.75.jar:9.0.75]
	at org.apache.catalina.core.ApplicationFilterChain.doFilter(ApplicationFilterChain.java:153) ~[tomcat-embed-core-9.0.75.jar:9.0.75]
	at org.apache.tomcat.websocket.server.WsFilter.doFilter(WsFilter.java:51) ~[tomcat-embed-websocket-9.0.75.jar:9.0.75]
	at org.apache.catalina.core.ApplicationFilterChain.internalDoFilter(ApplicationFilterChain.java:178) ~[tomcat-embed-core-9.0.75.jar:9.0.75]
	at org.apache.catalina.core.ApplicationFilterChain.doFilter(ApplicationFilterChain.java:153) ~[tomcat-embed-core-9.0.75.jar:9.0.75]
	at org.springframework.web.filter.RequestContextFilter.doFilterInternal(RequestContextFilter.java:100) ~[spring-web-5.3.27.jar:5.3.27]
	at org.springframework.web.filter.OncePerRequestFilter.doFilter(OncePerRequestFilter.java:117) ~[spring-web-5.3.27.jar:5.3.27]
	at org.apache.catalina.core.ApplicationFilterChain.internalDoFilter(ApplicationFilterChain.java:178) ~[tomcat-embed-core-9.0.75.jar:9.0.75]
	at org.apache.catalina.core.ApplicationFilterChain.doFilter(ApplicationFilterChain.java:153) ~[tomcat-embed-core-9.0.75.jar:9.0.75]
	at org.springframework.web.filter.FormContentFilter.doFilterInternal(FormContentFilter.java:93) ~[spring-web-5.3.27.jar:5.3.27]
	at org.springframework.web.filter.OncePerRequestFilter.doFilter(OncePerRequestFilter.java:117) ~[spring-web-5.3.27.jar:5.3.27]
	at org.apache.catalina.core.ApplicationFilterChain.internalDoFilter(ApplicationFilterChain.java:178) ~[tomcat-embed-core-9.0.75.jar:9.0.75]
	at org.apache.catalina.core.ApplicationFilterChain.doFilter(ApplicationFilterChain.java:153) ~[tomcat-embed-core-9.0.75.jar:9.0.75]
	at org.springframework.web.filter.CharacterEncodingFilter.doFilterInternal(CharacterEncodingFilter.java:201) ~[spring-web-5.3.27.jar:5.3.27]
	at org.springframework.web.filter.OncePerRequestFilter.doFilter(OncePerRequestFilter.java:117) ~[spring-web-5.3.27.jar:5.3.27]
	at org.apache.catalina.core.ApplicationFilterChain.internalDoFilter(ApplicationFilterChain.java:178) ~[tomcat-embed-core-9.0.75.jar:9.0.75]
	at org.apache.catalina.core.ApplicationFilterChain.doFilter(ApplicationFilterChain.java:153) ~[tomcat-embed-core-9.0.75.jar:9.0.75]
	at org.apache.catalina.core.StandardWrapperValve.invoke(StandardWrapperValve.java:167) ~[tomcat-embed-core-9.0.75.jar:9.0.75]
	at org.apache.catalina.core.StandardContextValve.invoke(StandardContextValve.java:90) ~[tomcat-embed-core-9.0.75.jar:9.0.75]
	at org.apache.catalina.authenticator.AuthenticatorBase.invoke(AuthenticatorBase.java:481) ~[tomcat-embed-core-9.0.75.jar:9.0.75]
	at org.apache.catalina.core.StandardHostValve.invoke(StandardHostValve.java:130) ~[tomcat-embed-core-9.0.75.jar:9.0.75]
	at org.apache.catalina.valves.ErrorReportValve.invoke(ErrorReportValve.java:93) ~[tomcat-embed-core-9.0.75.jar:9.0.75]
	at org.apache.catalina.core.StandardEngineValve.invoke(StandardEngineValve.java:74) ~[tomcat-embed-core-9.0.75.jar:9.0.75]
	at org.apache.catalina.connector.CoyoteAdapter.service(CoyoteAdapter.java:343) ~[tomcat-embed-core-9.0.75.jar:9.0.75]
	at org.apache.coyote.http11.Http11Processor.service(Http11Processor.java:390) ~[tomcat-embed-core-9.0.75.jar:9.0.75]
	at org.apache.coyote.AbstractProcessorLight.process(AbstractProcessorLight.java:63) ~[tomcat-embed-core-9.0.75.jar:9.0.75]
	at org.apache.coyote.AbstractProtocol$ConnectionHandler.process(AbstractProtocol.java:926) ~[tomcat-embed-core-9.0.75.jar:9.0.75]
	at org.apache.tomcat.util.net.NioEndpoint$SocketProcessor.doRun(NioEndpoint.java:1791) ~[tomcat-embed-core-9.0.75.jar:9.0.75]
	at org.apache.tomcat.util.net.SocketProcessorBase.run(SocketProcessorBase.java:52) ~[tomcat-embed-core-9.0.75.jar:9.0.75]
	at org.apache.tomcat.util.threads.ThreadPoolExecutor.runWorker(ThreadPoolExecutor.java:1191) ~[tomcat-embed-core-9.0.75.jar:9.0.75]
	at org.apache.tomcat.util.threads.ThreadPoolExecutor$Worker.run(ThreadPoolExecutor.java:659) ~[tomcat-embed-core-9.0.75.jar:9.0.75]
	at org.apache.tomcat.util.threads.TaskThread$WrappingRunnable.run(TaskThread.java:61) ~[tomcat-embed-core-9.0.75.jar:9.0.75]
	at java.base/java.lang.Thread.run(Thread.java:842) ~[na:na]

14:02:30:221  INFO 35392 --- [nacos-grpc-client-executor-34] com.alibaba.nacos.common.remote.client   : [0981fbcf-a2cd-4e3f-bb7d-47a784b18572_config-0] Receive server push request, request = ConfigChangeNotifyRequest, requestId = 19
14:02:30:222  INFO 35392 --- [nacos-grpc-client-executor-34] com.alibaba.nacos.common.remote.client   : [0981fbcf-a2cd-4e3f-bb7d-47a784b18572_config-0] Ack server push request, request = ConfigChangeNotifyRequest, requestId = 19
14:02:31:936  INFO 35392 --- [nacos.client.cachedata.internal.notifier] o.s.cloud.commons.util.InetUtils         : Cannot determine local hostname
14:02:32:044  WARN 35392 --- [nacos.client.cachedata.internal.notifier] c.a.c.n.c.NacosPropertySourceBuilder     : Ignore the empty nacos configuration and get it based on dataId[cart-service] & group[DEFAULT_GROUP]
14:02:32:057  WARN 35392 --- [nacos.client.cachedata.internal.notifier] c.a.c.n.c.NacosPropertySourceBuilder     : Ignore the empty nacos configuration and get it based on dataId[cart-service-dev.yaml] & group[DEFAULT_GROUP]
14:02:32:057  INFO 35392 --- [nacos.client.cachedata.internal.notifier] b.c.PropertySourceBootstrapConfiguration : Located property source: [BootstrapPropertySource {name='bootstrapProperties-cart-service-dev.yaml,DEFAULT_GROUP'}, BootstrapPropertySource {name='bootstrapProperties-cart-service.yaml,DEFAULT_GROUP'}, BootstrapPropertySource {name='bootstrapProperties-cart-service,DEFAULT_GROUP'}, BootstrapPropertySource {name='bootstrapProperties-shared-swagger.yaml,DEFAULT_GROUP'}, BootstrapPropertySource {name='bootstrapProperties-shared-log.yaml,DEFAULT_GROUP'}, BootstrapPropertySource {name='bootstrapProperties-shared-jdbc.yaml,DEFAULT_GROUP'}]
14:02:32:071  INFO 35392 --- [nacos.client.cachedata.internal.notifier] o.s.boot.SpringApplication               : The following 1 profile is active: "dev"
14:02:32:084  INFO 35392 --- [nacos.client.cachedata.internal.notifier] o.s.boot.SpringApplication               : Started application in 1.841 seconds (JVM running for 108.142)
14:02:32:148  INFO 35392 --- [nacos.client.cachedata.internal.notifier] o.s.c.e.event.RefreshEventListener       : Refresh keys changed: [hm.cart.maxItems]
14:02:38:912 DEBUG 35392 --- [http-nio-8082-exec-7] c.h.cart.mapper.CartMapper.selectCount   : ==>  Preparing: SELECT COUNT( * ) AS total FROM cart WHERE (user_id = ? AND item_id = ?)
14:02:38:912 DEBUG 35392 --- [http-nio-8082-exec-7] c.h.cart.mapper.CartMapper.selectCount   : ==> Parameters: 1(Long), 100001511821(Long)
14:02:38:958 DEBUG 35392 --- [http-nio-8082-exec-7] c.h.cart.mapper.CartMapper.selectCount   : <==      Total: 1
14:02:38:959 DEBUG 35392 --- [http-nio-8082-exec-7] c.h.cart.mapper.CartMapper.selectCount   : ==>  Preparing: SELECT COUNT( * ) AS total FROM cart WHERE (user_id = ?)
14:02:38:959 DEBUG 35392 --- [http-nio-8082-exec-7] c.h.cart.mapper.CartMapper.selectCount   : ==> Parameters: 1(Long)
14:02:38:998 DEBUG 35392 --- [http-nio-8082-exec-7] c.h.cart.mapper.CartMapper.selectCount   : <==      Total: 1
14:02:38:998 DEBUG 35392 --- [http-nio-8082-exec-7] com.hmall.cart.mapper.CartMapper.insert  : ==>  Preparing: INSERT INTO cart ( user_id, item_id, name, spec, price, image ) VALUES ( ?, ?, ?, ?, ?, ? )
14:02:38:998 DEBUG 35392 --- [http-nio-8082-exec-7] com.hmall.cart.mapper.CartMapper.insert  : ==> Parameters: 1(Long), 100001511821(Long), HMDIME 牛仔背带裤女2018秋冬新品 韩版学院风潮流百搭弹力修身补丁学生吊带长裤女 AXNZ369 深蓝 30(String), {"颜色": "蓝色", "尺码": "30"}(String), 13700(Integer), https://m.360buyimg.com/mobilecms/s720x720_jfs/t30892/263/313055374/557791/c98e9abc/5bef811aN036f7c3b.jpg!q70.jpg.webp(String)
14:02:39:094 DEBUG 35392 --- [http-nio-8082-exec-7] com.hmall.cart.mapper.CartMapper.insert  : <==    Updates: 1
14:02:39:163 DEBUG 35392 --- [http-nio-8082-exec-8] c.h.cart.mapper.CartMapper.selectList    : ==>  Preparing: SELECT id,user_id,item_id,num,name,spec,price,image,create_time,update_time FROM cart WHERE (user_id = ?)
14:02:39:163 DEBUG 35392 --- [http-nio-8082-exec-8] c.h.cart.mapper.CartMapper.selectList    : ==> Parameters: 1(Long)
14:02:39:208 DEBUG 35392 --- [http-nio-8082-exec-8] c.h.cart.mapper.CartMapper.selectList    : <==      Total: 2
