13:48:40:253  INFO 33836 --- [main] com.hmall.trade.TradeApplication         : Starting TradeApplication using Java 17.0.12 on lyk with PID 33836 (C:\baidunetdiskdownload\黑马商城\day03-微服务01\资料\hmall\trade-service\target\classes started by liuyi in C:\baidunetdiskdownload\黑马商城\day03-微服务01\资料\hmall)
13:48:40:258 DEBUG 33836 --- [main] com.hmall.trade.TradeApplication         : Running with Spring Boot v2.7.12, Spring v5.3.27
13:48:40:258  INFO 33836 --- [main] com.hmall.trade.TradeApplication         : The following 1 profile is active: "dev"
13:48:41:009  INFO 33836 --- [main] .s.d.r.c.RepositoryConfigurationDelegate : Multiple Spring Data modules found, entering strict repository configuration mode
13:48:41:013  INFO 33836 --- [main] .s.d.r.c.RepositoryConfigurationDelegate : Bootstrapping Spring Data Redis repositories in DEFAULT mode.
13:48:41:036  INFO 33836 --- [main] .s.d.r.c.RepositoryConfigurationDelegate : Finished Spring Data repository scanning in 11 ms. Found 0 Redis repository interfaces.
13:48:41:247  INFO 33836 --- [main] o.s.cloud.context.scope.GenericScope     : BeanFactory id=e3de55e3-88c0-3ae7-b5db-7d1c451211e6
13:48:41:732  INFO 33836 --- [main] o.s.b.w.embedded.tomcat.TomcatWebServer  : Tomcat initialized with port(s): 8086 (http)
13:48:41:743  INFO 33836 --- [main] o.apache.catalina.core.StandardService   : Starting service [Tomcat]
13:48:41:744  INFO 33836 --- [main] org.apache.catalina.core.StandardEngine  : Starting Servlet engine: [Apache Tomcat/9.0.75]
13:48:41:922  INFO 33836 --- [main] o.a.c.c.C.[Tomcat].[localhost].[/]       : Initializing Spring embedded WebApplicationContext
13:48:41:922  INFO 33836 --- [main] w.s.c.ServletWebServerApplicationContext : Root WebApplicationContext: initialization completed in 1610 ms
13:48:42:155  INFO 33836 --- [main] o.s.c.openfeign.FeignClientFactoryBean   : For 'item-service' URL not provided. Will try picking an instance via load-balancing.
13:48:42:571  INFO 33836 --- [main] o.s.c.openfeign.FeignClientFactoryBean   : For 'cart-service' URL not provided. Will try picking an instance via load-balancing.
13:48:44:470  INFO 33836 --- [main] o.s.cloud.commons.util.InetUtils         : Cannot determine local hostname
13:48:44:505  INFO 33836 --- [main] pertySourcedRequestMappingHandlerMapping : Mapped URL path [/v2/api-docs] onto method [springfox.documentation.swagger2.web.Swagger2ControllerWebMvc#getDocumentation(String, HttpServletRequest)]
13:48:46:407  INFO 33836 --- [main] o.s.cloud.commons.util.InetUtils         : Cannot determine local hostname
13:48:46:643  INFO 33836 --- [main] com.alibaba.nacos.common.remote.client   : [RpcClientFactory] create a new rpc client of d1348cef-d9d7-4aab-aae8-e8e7f92b35cb
13:48:46:729  INFO 33836 --- [main] org.reflections.Reflections              : Reflections took 37 ms to scan 1 urls, producing 3 keys and 6 values 
13:48:46:757  INFO 33836 --- [main] org.reflections.Reflections              : Reflections took 7 ms to scan 1 urls, producing 4 keys and 9 values 
13:48:46:766  INFO 33836 --- [main] org.reflections.Reflections              : Reflections took 7 ms to scan 1 urls, producing 3 keys and 10 values 
13:48:46:769  WARN 33836 --- [main] org.reflections.Reflections              : given scan urls are empty. set urls in the configuration
13:48:46:775  INFO 33836 --- [main] org.reflections.Reflections              : Reflections took 6 ms to scan 1 urls, producing 1 keys and 5 values 
13:48:46:784  INFO 33836 --- [main] org.reflections.Reflections              : Reflections took 6 ms to scan 1 urls, producing 1 keys and 7 values 
13:48:46:794  INFO 33836 --- [main] org.reflections.Reflections              : Reflections took 7 ms to scan 1 urls, producing 2 keys and 8 values 
13:48:46:798  WARN 33836 --- [main] org.reflections.Reflections              : given scan urls are empty. set urls in the configuration
13:48:46:799  INFO 33836 --- [main] com.alibaba.nacos.common.remote.client   : [d1348cef-d9d7-4aab-aae8-e8e7f92b35cb] RpcClient init label, labels = {module=naming, source=sdk}
13:48:46:801  INFO 33836 --- [main] com.alibaba.nacos.common.remote.client   : [d1348cef-d9d7-4aab-aae8-e8e7f92b35cb] RpcClient init, ServerListFactory = com.alibaba.nacos.client.naming.core.ServerListManager
13:48:46:801  INFO 33836 --- [main] com.alibaba.nacos.common.remote.client   : [d1348cef-d9d7-4aab-aae8-e8e7f92b35cb] Registry connection listener to current client:com.alibaba.nacos.client.naming.remote.gprc.redo.NamingGrpcRedoService
13:48:46:802  INFO 33836 --- [main] com.alibaba.nacos.common.remote.client   : [d1348cef-d9d7-4aab-aae8-e8e7f92b35cb] Register server push request handler:com.alibaba.nacos.client.naming.remote.gprc.NamingPushRequestHandler
13:48:46:804  INFO 33836 --- [main] com.alibaba.nacos.common.remote.client   : [d1348cef-d9d7-4aab-aae8-e8e7f92b35cb] Try to connect to server on start up, server: {serverIp = 'localhost', server main port = 8848}
13:48:48:168  INFO 33836 --- [main] com.alibaba.nacos.common.remote.client   : [d1348cef-d9d7-4aab-aae8-e8e7f92b35cb] Success to connect to server [localhost:8848] on start up, connectionId = 1754891327972_172.17.0.1_37354
13:48:48:168  INFO 33836 --- [com.alibaba.nacos.client.remote.worker] com.alibaba.nacos.common.remote.client   : [d1348cef-d9d7-4aab-aae8-e8e7f92b35cb] Notify connected event to listeners.
13:48:48:168  INFO 33836 --- [main] com.alibaba.nacos.common.remote.client   : [d1348cef-d9d7-4aab-aae8-e8e7f92b35cb] Register server push request handler:com.alibaba.nacos.common.remote.client.RpcClient$ConnectResetRequestHandler
13:48:48:169  INFO 33836 --- [main] com.alibaba.nacos.common.remote.client   : [d1348cef-d9d7-4aab-aae8-e8e7f92b35cb] Register server push request handler:com.alibaba.nacos.common.remote.client.RpcClient$$Lambda$1133/0x000001ff01881ad0
13:48:48:213  INFO 33836 --- [main] o.s.b.w.embedded.tomcat.TomcatWebServer  : Tomcat started on port(s): 8086 (http) with context path ''
13:48:48:223  INFO 33836 --- [main] c.a.c.n.registry.NacosServiceRegistry    : nacos registry, DEFAULT_GROUP trade-service 192.168.138.1:8086 register finished
13:48:48:716  INFO 33836 --- [nacos-grpc-client-executor-9] com.alibaba.nacos.common.remote.client   : [d1348cef-d9d7-4aab-aae8-e8e7f92b35cb] Receive server push request, request = NotifySubscriberRequest, requestId = 2
13:48:48:718  INFO 33836 --- [nacos-grpc-client-executor-9] com.alibaba.nacos.common.remote.client   : [d1348cef-d9d7-4aab-aae8-e8e7f92b35cb] Ack server push request, request = NotifySubscriberRequest, requestId = 2
13:48:49:634  INFO 33836 --- [main] o.s.cloud.commons.util.InetUtils         : Cannot determine local hostname
13:48:49:634  INFO 33836 --- [main] d.s.w.p.DocumentationPluginsBootstrapper : Documentation plugins bootstrapped
13:48:49:637  INFO 33836 --- [main] d.s.w.p.DocumentationPluginsBootstrapper : Found 1 custom documentation plugin(s)
13:48:49:653  INFO 33836 --- [main] s.d.s.w.s.ApiListingReferenceScanner     : Scanning for api listing references
13:48:49:719  INFO 33836 --- [main] com.hmall.trade.TradeApplication         : Started TradeApplication in 11.384 seconds (JVM running for 12.03)
