13:48:44:220  INFO 29060 --- [main] com.hmall.item.ItemApplication           : Starting ItemApplication using Java 17.0.12 on lyk with PID 29060 (C:\baidunetdiskdownload\黑马商城\day03-微服务01\资料\hmall\item-service\target\classes started by liuyi in C:\baidunetdiskdownload\黑马商城\day03-微服务01\资料\hmall)
13:48:44:224 DEBUG 29060 --- [main] com.hmall.item.ItemApplication           : Running with Spring Boot v2.7.12, Spring v5.3.27
13:48:44:225  INFO 29060 --- [main] com.hmall.item.ItemApplication           : The following 1 profile is active: "dev"
13:48:45:185  INFO 29060 --- [main] .s.d.r.c.RepositoryConfigurationDelegate : Multiple Spring Data modules found, entering strict repository configuration mode
13:48:45:192  INFO 29060 --- [main] .s.d.r.c.RepositoryConfigurationDelegate : Bootstrapping Spring Data Redis repositories in DEFAULT mode.
13:48:45:226  INFO 29060 --- [main] .s.d.r.c.RepositoryConfigurationDelegate : Finished Spring Data repository scanning in 14 ms. Found 0 Redis repository interfaces.
13:48:45:483  INFO 29060 --- [main] o.s.cloud.context.scope.GenericScope     : BeanFactory id=804bab4d-5e7f-3e7f-9239-8cb7c8a4e725
13:48:45:925  INFO 29060 --- [main] o.s.b.w.embedded.tomcat.TomcatWebServer  : Tomcat initialized with port(s): 8081 (http)
13:48:45:936  INFO 29060 --- [main] o.apache.catalina.core.StandardService   : Starting service [Tomcat]
13:48:45:937  INFO 29060 --- [main] org.apache.catalina.core.StandardEngine  : Starting Servlet engine: [Apache Tomcat/9.0.75]
13:48:46:109  INFO 29060 --- [main] o.a.c.c.C.[Tomcat].[localhost].[/]       : Initializing Spring embedded WebApplicationContext
13:48:46:109  INFO 29060 --- [main] w.s.c.ServletWebServerApplicationContext : Root WebApplicationContext: initialization completed in 1834 ms
13:48:48:618  INFO 29060 --- [main] o.s.cloud.commons.util.InetUtils         : Cannot determine local hostname
13:48:48:643  INFO 29060 --- [main] pertySourcedRequestMappingHandlerMapping : Mapped URL path [/v2/api-docs] onto method [springfox.documentation.swagger2.web.Swagger2ControllerWebMvc#getDocumentation(String, HttpServletRequest)]
13:48:50:383  INFO 29060 --- [main] o.s.cloud.commons.util.InetUtils         : Cannot determine local hostname
13:48:50:532  INFO 29060 --- [main] com.alibaba.nacos.common.remote.client   : [RpcClientFactory] create a new rpc client of 792e923a-bdb3-4ca2-bc81-0af8934bf9fa
13:48:50:591  INFO 29060 --- [main] org.reflections.Reflections              : Reflections took 27 ms to scan 1 urls, producing 3 keys and 6 values 
13:48:50:614  INFO 29060 --- [main] org.reflections.Reflections              : Reflections took 6 ms to scan 1 urls, producing 4 keys and 9 values 
13:48:50:621  INFO 29060 --- [main] org.reflections.Reflections              : Reflections took 3 ms to scan 1 urls, producing 3 keys and 10 values 
13:48:50:625  WARN 29060 --- [main] org.reflections.Reflections              : given scan urls are empty. set urls in the configuration
13:48:50:629  INFO 29060 --- [main] org.reflections.Reflections              : Reflections took 3 ms to scan 1 urls, producing 1 keys and 5 values 
13:48:50:635  INFO 29060 --- [main] org.reflections.Reflections              : Reflections took 5 ms to scan 1 urls, producing 1 keys and 7 values 
13:48:50:640  INFO 29060 --- [main] org.reflections.Reflections              : Reflections took 3 ms to scan 1 urls, producing 2 keys and 8 values 
13:48:50:642  WARN 29060 --- [main] org.reflections.Reflections              : given scan urls are empty. set urls in the configuration
13:48:50:644  INFO 29060 --- [main] com.alibaba.nacos.common.remote.client   : [792e923a-bdb3-4ca2-bc81-0af8934bf9fa] RpcClient init label, labels = {module=naming, source=sdk}
13:48:50:646  INFO 29060 --- [main] com.alibaba.nacos.common.remote.client   : [792e923a-bdb3-4ca2-bc81-0af8934bf9fa] RpcClient init, ServerListFactory = com.alibaba.nacos.client.naming.core.ServerListManager
13:48:50:646  INFO 29060 --- [main] com.alibaba.nacos.common.remote.client   : [792e923a-bdb3-4ca2-bc81-0af8934bf9fa] Registry connection listener to current client:com.alibaba.nacos.client.naming.remote.gprc.redo.NamingGrpcRedoService
13:48:50:646  INFO 29060 --- [main] com.alibaba.nacos.common.remote.client   : [792e923a-bdb3-4ca2-bc81-0af8934bf9fa] Register server push request handler:com.alibaba.nacos.client.naming.remote.gprc.NamingPushRequestHandler
13:48:50:647  INFO 29060 --- [main] com.alibaba.nacos.common.remote.client   : [792e923a-bdb3-4ca2-bc81-0af8934bf9fa] Try to connect to server on start up, server: {serverIp = 'localhost', server main port = 8848}
13:48:51:850  INFO 29060 --- [main] com.alibaba.nacos.common.remote.client   : [792e923a-bdb3-4ca2-bc81-0af8934bf9fa] Success to connect to server [localhost:8848] on start up, connectionId = 1754891331666_172.17.0.1_41038
13:48:51:851  INFO 29060 --- [com.alibaba.nacos.client.remote.worker] com.alibaba.nacos.common.remote.client   : [792e923a-bdb3-4ca2-bc81-0af8934bf9fa] Notify connected event to listeners.
13:48:51:851  INFO 29060 --- [main] com.alibaba.nacos.common.remote.client   : [792e923a-bdb3-4ca2-bc81-0af8934bf9fa] Register server push request handler:com.alibaba.nacos.common.remote.client.RpcClient$ConnectResetRequestHandler
13:48:51:851  INFO 29060 --- [main] com.alibaba.nacos.common.remote.client   : [792e923a-bdb3-4ca2-bc81-0af8934bf9fa] Register server push request handler:com.alibaba.nacos.common.remote.client.RpcClient$$Lambda$1095/0x0000015913840228
13:48:51:900  INFO 29060 --- [main] o.s.b.w.embedded.tomcat.TomcatWebServer  : Tomcat started on port(s): 8081 (http) with context path ''
13:48:51:910  INFO 29060 --- [main] c.a.c.n.registry.NacosServiceRegistry    : nacos registry, DEFAULT_GROUP item-service 192.168.138.1:8081 register finished
13:48:52:421  INFO 29060 --- [nacos-grpc-client-executor-9] com.alibaba.nacos.common.remote.client   : [792e923a-bdb3-4ca2-bc81-0af8934bf9fa] Receive server push request, request = NotifySubscriberRequest, requestId = 3
13:48:52:426  INFO 29060 --- [nacos-grpc-client-executor-9] com.alibaba.nacos.common.remote.client   : [792e923a-bdb3-4ca2-bc81-0af8934bf9fa] Ack server push request, request = NotifySubscriberRequest, requestId = 3
13:48:53:271  INFO 29060 --- [main] o.s.cloud.commons.util.InetUtils         : Cannot determine local hostname
13:48:53:272  INFO 29060 --- [main] d.s.w.p.DocumentationPluginsBootstrapper : Documentation plugins bootstrapped
13:48:53:275  INFO 29060 --- [main] d.s.w.p.DocumentationPluginsBootstrapper : Found 1 custom documentation plugin(s)
13:48:53:293  INFO 29060 --- [main] s.d.s.w.s.ApiListingReferenceScanner     : Scanning for api listing references
13:48:53:382  INFO 29060 --- [main] com.hmall.item.ItemApplication           : Started ItemApplication in 11.135 seconds (JVM running for 11.835)
13:48:57:486  INFO 21792 --- [main] com.hmall.item.ItemApplication           : Starting ItemApplication using Java 17.0.12 on lyk with PID 21792 (C:\baidunetdiskdownload\黑马商城\day03-微服务01\资料\hmall\item-service\target\classes started by liuyi in C:\baidunetdiskdownload\黑马商城\day03-微服务01\资料\hmall)
13:48:57:487 DEBUG 21792 --- [main] com.hmall.item.ItemApplication           : Running with Spring Boot v2.7.12, Spring v5.3.27
13:48:57:487  INFO 21792 --- [main] com.hmall.item.ItemApplication           : The following 1 profile is active: "dev"
13:48:58:186  INFO 21792 --- [main] .s.d.r.c.RepositoryConfigurationDelegate : Multiple Spring Data modules found, entering strict repository configuration mode
13:48:58:188  INFO 21792 --- [main] .s.d.r.c.RepositoryConfigurationDelegate : Bootstrapping Spring Data Redis repositories in DEFAULT mode.
13:48:58:209  INFO 21792 --- [main] .s.d.r.c.RepositoryConfigurationDelegate : Finished Spring Data repository scanning in 9 ms. Found 0 Redis repository interfaces.
13:48:58:391  INFO 21792 --- [main] o.s.cloud.context.scope.GenericScope     : BeanFactory id=804bab4d-5e7f-3e7f-9239-8cb7c8a4e725
13:48:58:763  INFO 21792 --- [main] o.s.b.w.embedded.tomcat.TomcatWebServer  : Tomcat initialized with port(s): 8084 (http)
13:48:58:770  INFO 21792 --- [main] o.apache.catalina.core.StandardService   : Starting service [Tomcat]
13:48:58:770  INFO 21792 --- [main] org.apache.catalina.core.StandardEngine  : Starting Servlet engine: [Apache Tomcat/9.0.75]
13:48:58:905  INFO 21792 --- [main] o.a.c.c.C.[Tomcat].[localhost].[/]       : Initializing Spring embedded WebApplicationContext
13:48:58:905  INFO 21792 --- [main] w.s.c.ServletWebServerApplicationContext : Root WebApplicationContext: initialization completed in 1375 ms
13:49:00:936  INFO 21792 --- [main] o.s.cloud.commons.util.InetUtils         : Cannot determine local hostname
13:49:00:958  INFO 21792 --- [main] pertySourcedRequestMappingHandlerMapping : Mapped URL path [/v2/api-docs] onto method [springfox.documentation.swagger2.web.Swagger2ControllerWebMvc#getDocumentation(String, HttpServletRequest)]
13:49:02:652  INFO 21792 --- [main] o.s.cloud.commons.util.InetUtils         : Cannot determine local hostname
13:49:02:787  INFO 21792 --- [main] com.alibaba.nacos.common.remote.client   : [RpcClientFactory] create a new rpc client of 6a0d3696-9b97-46b8-80f4-1268a3b1cdd1
13:49:02:839  INFO 21792 --- [main] org.reflections.Reflections              : Reflections took 23 ms to scan 1 urls, producing 3 keys and 6 values 
13:49:02:859  INFO 21792 --- [main] org.reflections.Reflections              : Reflections took 6 ms to scan 1 urls, producing 4 keys and 9 values 
13:49:02:868  INFO 21792 --- [main] org.reflections.Reflections              : Reflections took 4 ms to scan 1 urls, producing 3 keys and 10 values 
13:49:02:870  WARN 21792 --- [main] org.reflections.Reflections              : given scan urls are empty. set urls in the configuration
13:49:02:874  INFO 21792 --- [main] org.reflections.Reflections              : Reflections took 4 ms to scan 1 urls, producing 1 keys and 5 values 
13:49:02:883  INFO 21792 --- [main] org.reflections.Reflections              : Reflections took 7 ms to scan 1 urls, producing 1 keys and 7 values 
13:49:02:890  INFO 21792 --- [main] org.reflections.Reflections              : Reflections took 4 ms to scan 1 urls, producing 2 keys and 8 values 
13:49:02:892  WARN 21792 --- [main] org.reflections.Reflections              : given scan urls are empty. set urls in the configuration
13:49:02:893  INFO 21792 --- [main] com.alibaba.nacos.common.remote.client   : [6a0d3696-9b97-46b8-80f4-1268a3b1cdd1] RpcClient init label, labels = {module=naming, source=sdk}
13:49:02:894  INFO 21792 --- [main] com.alibaba.nacos.common.remote.client   : [6a0d3696-9b97-46b8-80f4-1268a3b1cdd1] RpcClient init, ServerListFactory = com.alibaba.nacos.client.naming.core.ServerListManager
13:49:02:894  INFO 21792 --- [main] com.alibaba.nacos.common.remote.client   : [6a0d3696-9b97-46b8-80f4-1268a3b1cdd1] Registry connection listener to current client:com.alibaba.nacos.client.naming.remote.gprc.redo.NamingGrpcRedoService
13:49:02:894  INFO 21792 --- [main] com.alibaba.nacos.common.remote.client   : [6a0d3696-9b97-46b8-80f4-1268a3b1cdd1] Register server push request handler:com.alibaba.nacos.client.naming.remote.gprc.NamingPushRequestHandler
13:49:02:897  INFO 21792 --- [main] com.alibaba.nacos.common.remote.client   : [6a0d3696-9b97-46b8-80f4-1268a3b1cdd1] Try to connect to server on start up, server: {serverIp = 'localhost', server main port = 8848}
13:49:04:050  INFO 21792 --- [main] com.alibaba.nacos.common.remote.client   : [6a0d3696-9b97-46b8-80f4-1268a3b1cdd1] Success to connect to server [localhost:8848] on start up, connectionId = 1754891343864_172.17.0.1_59886
13:49:04:051  INFO 21792 --- [com.alibaba.nacos.client.remote.worker] com.alibaba.nacos.common.remote.client   : [6a0d3696-9b97-46b8-80f4-1268a3b1cdd1] Notify connected event to listeners.
13:49:04:051  INFO 21792 --- [main] com.alibaba.nacos.common.remote.client   : [6a0d3696-9b97-46b8-80f4-1268a3b1cdd1] Register server push request handler:com.alibaba.nacos.common.remote.client.RpcClient$ConnectResetRequestHandler
13:49:04:052  INFO 21792 --- [main] com.alibaba.nacos.common.remote.client   : [6a0d3696-9b97-46b8-80f4-1268a3b1cdd1] Register server push request handler:com.alibaba.nacos.common.remote.client.RpcClient$$Lambda$1095/0x0000024d8185ed10
13:49:04:102  INFO 21792 --- [main] o.s.b.w.embedded.tomcat.TomcatWebServer  : Tomcat started on port(s): 8084 (http) with context path ''
13:49:04:111  INFO 21792 --- [main] c.a.c.n.registry.NacosServiceRegistry    : nacos registry, DEFAULT_GROUP item-service 192.168.138.1:8084 register finished
13:49:04:631  INFO 29060 --- [nacos-grpc-client-executor-12] com.alibaba.nacos.common.remote.client   : [792e923a-bdb3-4ca2-bc81-0af8934bf9fa] Receive server push request, request = NotifySubscriberRequest, requestId = 7
13:49:04:633  INFO 29060 --- [nacos-grpc-client-executor-12] com.alibaba.nacos.common.remote.client   : [792e923a-bdb3-4ca2-bc81-0af8934bf9fa] Ack server push request, request = NotifySubscriberRequest, requestId = 7
13:49:04:640  INFO 21792 --- [nacos-grpc-client-executor-9] com.alibaba.nacos.common.remote.client   : [6a0d3696-9b97-46b8-80f4-1268a3b1cdd1] Receive server push request, request = NotifySubscriberRequest, requestId = 6
13:49:04:640  INFO 21792 --- [nacos-grpc-client-executor-9] com.alibaba.nacos.common.remote.client   : [6a0d3696-9b97-46b8-80f4-1268a3b1cdd1] Ack server push request, request = NotifySubscriberRequest, requestId = 6
13:49:05:482  INFO 21792 --- [main] o.s.cloud.commons.util.InetUtils         : Cannot determine local hostname
13:49:05:482  INFO 21792 --- [main] d.s.w.p.DocumentationPluginsBootstrapper : Documentation plugins bootstrapped
13:49:05:484  INFO 21792 --- [main] d.s.w.p.DocumentationPluginsBootstrapper : Found 1 custom documentation plugin(s)
13:49:05:502  INFO 21792 --- [main] s.d.s.w.s.ApiListingReferenceScanner     : Scanning for api listing references
13:49:05:586  INFO 21792 --- [main] com.hmall.item.ItemApplication           : Started ItemApplication in 10.019 seconds (JVM running for 10.704)
13:49:59:481  INFO 21792 --- [http-nio-8084-exec-1] o.a.c.c.C.[Tomcat].[localhost].[/]       : Initializing Spring DispatcherServlet 'dispatcherServlet'
13:49:59:481  INFO 21792 --- [http-nio-8084-exec-1] o.s.web.servlet.DispatcherServlet        : Initializing Servlet 'dispatcherServlet'
13:49:59:485  INFO 21792 --- [http-nio-8084-exec-1] o.s.web.servlet.DispatcherServlet        : Completed initialization in 2 ms
13:49:59:777  INFO 21792 --- [http-nio-8084-exec-1] com.zaxxer.hikari.HikariDataSource       : HikariPool-1 - Starting...
13:50:00:922  INFO 21792 --- [http-nio-8084-exec-1] com.zaxxer.hikari.HikariDataSource       : HikariPool-1 - Start completed.
13:50:00:928 DEBUG 21792 --- [http-nio-8084-exec-1] c.h.i.m.ItemMapper.selectList_mpCount    : ==>  Preparing: SELECT COUNT(*) AS total FROM item WHERE (status = ?)
13:50:00:959 DEBUG 21792 --- [http-nio-8084-exec-1] c.h.i.m.ItemMapper.selectList_mpCount    : ==> Parameters: 1(Integer)
13:50:01:501 DEBUG 21792 --- [http-nio-8084-exec-1] c.h.i.m.ItemMapper.selectList_mpCount    : <==      Total: 1
13:50:01:517 DEBUG 21792 --- [http-nio-8084-exec-1] c.h.item.mapper.ItemMapper.selectList    : ==>  Preparing: SELECT id, name, price, stock, image, category, brand, spec, sold, comment_count, isAD, status, create_time, update_time, creater, updater FROM item WHERE (status = ?) ORDER BY update_time DESC LIMIT ?
13:50:01:517 DEBUG 21792 --- [http-nio-8084-exec-1] c.h.item.mapper.ItemMapper.selectList    : ==> Parameters: 1(Integer), 20(Long)
13:50:01:652 DEBUG 21792 --- [http-nio-8084-exec-1] c.h.item.mapper.ItemMapper.selectList    : <==      Total: 20
13:50:04:657 DEBUG 21792 --- [http-nio-8084-exec-4] c.h.i.mapper.ItemMapper.selectBatchIds   : ==>  Preparing: SELECT id,name,price,stock,image,category,brand,spec,sold,comment_count,isAD,status,create_time,update_time,creater,updater FROM item WHERE id IN ( ? )
13:50:04:657 DEBUG 21792 --- [http-nio-8084-exec-4] c.h.i.mapper.ItemMapper.selectBatchIds   : ==> Parameters: 100000004580(Long)
13:50:04:710 DEBUG 21792 --- [http-nio-8084-exec-4] c.h.i.mapper.ItemMapper.selectBatchIds   : <==      Total: 1
13:50:06:674  INFO 29060 --- [http-nio-8081-exec-1] o.a.c.c.C.[Tomcat].[localhost].[/]       : Initializing Spring DispatcherServlet 'dispatcherServlet'
13:50:06:677  INFO 29060 --- [http-nio-8081-exec-1] o.s.web.servlet.DispatcherServlet        : Initializing Servlet 'dispatcherServlet'
13:50:06:678  INFO 29060 --- [http-nio-8081-exec-1] o.s.web.servlet.DispatcherServlet        : Completed initialization in 1 ms
13:50:06:819  INFO 29060 --- [http-nio-8081-exec-1] com.zaxxer.hikari.HikariDataSource       : HikariPool-1 - Starting...
13:50:07:882  INFO 29060 --- [http-nio-8081-exec-1] com.zaxxer.hikari.HikariDataSource       : HikariPool-1 - Start completed.
13:50:07:890 DEBUG 29060 --- [http-nio-8081-exec-1] c.h.i.mapper.ItemMapper.selectBatchIds   : ==>  Preparing: SELECT id,name,price,stock,image,category,brand,spec,sold,comment_count,isAD,status,create_time,update_time,creater,updater FROM item WHERE id IN ( ? )
13:50:07:919 DEBUG 29060 --- [http-nio-8081-exec-1] c.h.i.mapper.ItemMapper.selectBatchIds   : ==> Parameters: 100000004580(Long)
13:50:08:003 DEBUG 29060 --- [http-nio-8081-exec-1] c.h.i.mapper.ItemMapper.selectBatchIds   : <==      Total: 1
13:50:09:755 DEBUG 21792 --- [http-nio-8084-exec-3] c.h.i.mapper.ItemMapper.selectBatchIds   : ==>  Preparing: SELECT id,name,price,stock,image,category,brand,spec,sold,comment_count,isAD,status,create_time,update_time,creater,updater FROM item WHERE id IN ( ? )
13:50:09:762 DEBUG 21792 --- [http-nio-8084-exec-3] c.h.i.mapper.ItemMapper.selectBatchIds   : ==> Parameters: 100000004580(Long)
13:50:09:816 DEBUG 21792 --- [http-nio-8084-exec-3] c.h.i.mapper.ItemMapper.selectBatchIds   : <==      Total: 1
14:01:08:558 DEBUG 21792 --- [http-nio-8084-exec-5] c.h.i.mapper.ItemMapper.selectBatchIds   : ==>  Preparing: SELECT id,name,price,stock,image,category,brand,spec,sold,comment_count,isAD,status,create_time,update_time,creater,updater FROM item WHERE id IN ( ? )
14:01:08:558 DEBUG 21792 --- [http-nio-8084-exec-5] c.h.i.mapper.ItemMapper.selectBatchIds   : ==> Parameters: 100000004580(Long)
14:01:08:629 DEBUG 21792 --- [http-nio-8084-exec-5] c.h.i.mapper.ItemMapper.selectBatchIds   : <==      Total: 1
14:01:10:539 DEBUG 29060 --- [http-nio-8081-exec-3] c.h.i.mapper.ItemMapper.selectBatchIds   : ==>  Preparing: SELECT id,name,price,stock,image,category,brand,spec,sold,comment_count,isAD,status,create_time,update_time,creater,updater FROM item WHERE id IN ( ? )
14:01:10:539 DEBUG 29060 --- [http-nio-8081-exec-3] c.h.i.mapper.ItemMapper.selectBatchIds   : ==> Parameters: 100000004580(Long)
14:01:10:587 DEBUG 29060 --- [http-nio-8081-exec-3] c.h.i.mapper.ItemMapper.selectBatchIds   : <==      Total: 1
14:01:10:864 DEBUG 21792 --- [http-nio-8084-exec-6] c.h.i.mapper.ItemMapper.selectBatchIds   : ==>  Preparing: SELECT id,name,price,stock,image,category,brand,spec,sold,comment_count,isAD,status,create_time,update_time,creater,updater FROM item WHERE id IN ( ? )
14:01:10:870 DEBUG 21792 --- [http-nio-8084-exec-6] c.h.i.mapper.ItemMapper.selectBatchIds   : ==> Parameters: 100000004580(Long)
14:01:10:920 DEBUG 21792 --- [http-nio-8084-exec-6] c.h.i.mapper.ItemMapper.selectBatchIds   : <==      Total: 1
14:01:11:088 DEBUG 29060 --- [http-nio-8081-exec-4] c.h.i.mapper.ItemMapper.selectBatchIds   : ==>  Preparing: SELECT id,name,price,stock,image,category,brand,spec,sold,comment_count,isAD,status,create_time,update_time,creater,updater FROM item WHERE id IN ( ? )
14:01:11:088 DEBUG 29060 --- [http-nio-8081-exec-4] c.h.i.mapper.ItemMapper.selectBatchIds   : ==> Parameters: 100000004580(Long)
14:01:11:123 DEBUG 29060 --- [http-nio-8081-exec-4] c.h.i.mapper.ItemMapper.selectBatchIds   : <==      Total: 1
14:01:11:285 DEBUG 21792 --- [http-nio-8084-exec-7] c.h.i.mapper.ItemMapper.selectBatchIds   : ==>  Preparing: SELECT id,name,price,stock,image,category,brand,spec,sold,comment_count,isAD,status,create_time,update_time,creater,updater FROM item WHERE id IN ( ? )
14:01:11:291 DEBUG 21792 --- [http-nio-8084-exec-7] c.h.i.mapper.ItemMapper.selectBatchIds   : ==> Parameters: 100000004580(Long)
14:01:11:349 DEBUG 21792 --- [http-nio-8084-exec-7] c.h.i.mapper.ItemMapper.selectBatchIds   : <==      Total: 1
14:01:11:513 DEBUG 29060 --- [http-nio-8081-exec-5] c.h.i.mapper.ItemMapper.selectBatchIds   : ==>  Preparing: SELECT id,name,price,stock,image,category,brand,spec,sold,comment_count,isAD,status,create_time,update_time,creater,updater FROM item WHERE id IN ( ? )
14:01:11:513 DEBUG 29060 --- [http-nio-8081-exec-5] c.h.i.mapper.ItemMapper.selectBatchIds   : ==> Parameters: 100000004580(Long)
14:01:11:565 DEBUG 29060 --- [http-nio-8081-exec-5] c.h.i.mapper.ItemMapper.selectBatchIds   : <==      Total: 1
14:01:11:794 DEBUG 21792 --- [http-nio-8084-exec-8] c.h.i.mapper.ItemMapper.selectBatchIds   : ==>  Preparing: SELECT id,name,price,stock,image,category,brand,spec,sold,comment_count,isAD,status,create_time,update_time,creater,updater FROM item WHERE id IN ( ? )
14:01:11:794 DEBUG 21792 --- [http-nio-8084-exec-8] c.h.i.mapper.ItemMapper.selectBatchIds   : ==> Parameters: 100000004580(Long)
14:01:11:849 DEBUG 21792 --- [http-nio-8084-exec-8] c.h.i.mapper.ItemMapper.selectBatchIds   : <==      Total: 1
14:01:11:906 DEBUG 29060 --- [http-nio-8081-exec-6] c.h.i.mapper.ItemMapper.selectBatchIds   : ==>  Preparing: SELECT id,name,price,stock,image,category,brand,spec,sold,comment_count,isAD,status,create_time,update_time,creater,updater FROM item WHERE id IN ( ? )
14:01:11:914 DEBUG 29060 --- [http-nio-8081-exec-6] c.h.i.mapper.ItemMapper.selectBatchIds   : ==> Parameters: 100000004580(Long)
14:01:11:954 DEBUG 29060 --- [http-nio-8081-exec-6] c.h.i.mapper.ItemMapper.selectBatchIds   : <==      Total: 1
14:01:12:244 DEBUG 21792 --- [http-nio-8084-exec-9] c.h.i.mapper.ItemMapper.selectBatchIds   : ==>  Preparing: SELECT id,name,price,stock,image,category,brand,spec,sold,comment_count,isAD,status,create_time,update_time,creater,updater FROM item WHERE id IN ( ? )
14:01:12:244 DEBUG 21792 --- [http-nio-8084-exec-9] c.h.i.mapper.ItemMapper.selectBatchIds   : ==> Parameters: 100000004580(Long)
14:01:12:308 DEBUG 21792 --- [http-nio-8084-exec-9] c.h.i.mapper.ItemMapper.selectBatchIds   : <==      Total: 1
14:01:12:363 DEBUG 29060 --- [http-nio-8081-exec-7] c.h.i.mapper.ItemMapper.selectBatchIds   : ==>  Preparing: SELECT id,name,price,stock,image,category,brand,spec,sold,comment_count,isAD,status,create_time,update_time,creater,updater FROM item WHERE id IN ( ? )
14:01:12:363 DEBUG 29060 --- [http-nio-8081-exec-7] c.h.i.mapper.ItemMapper.selectBatchIds   : ==> Parameters: 100000004580(Long)
14:01:12:405 DEBUG 29060 --- [http-nio-8081-exec-7] c.h.i.mapper.ItemMapper.selectBatchIds   : <==      Total: 1
14:01:13:187 DEBUG 21792 --- [http-nio-8084-exec-10] c.h.i.mapper.ItemMapper.selectBatchIds   : ==>  Preparing: SELECT id,name,price,stock,image,category,brand,spec,sold,comment_count,isAD,status,create_time,update_time,creater,updater FROM item WHERE id IN ( ? )
14:01:13:187 DEBUG 21792 --- [http-nio-8084-exec-10] c.h.i.mapper.ItemMapper.selectBatchIds   : ==> Parameters: 100000004580(Long)
14:01:13:241 DEBUG 21792 --- [http-nio-8084-exec-10] c.h.i.mapper.ItemMapper.selectBatchIds   : <==      Total: 1
14:01:13:908 DEBUG 29060 --- [http-nio-8081-exec-8] c.h.i.mapper.ItemMapper.selectBatchIds   : ==>  Preparing: SELECT id,name,price,stock,image,category,brand,spec,sold,comment_count,isAD,status,create_time,update_time,creater,updater FROM item WHERE id IN ( ? )
14:01:13:909 DEBUG 29060 --- [http-nio-8081-exec-8] c.h.i.mapper.ItemMapper.selectBatchIds   : ==> Parameters: 100000004580(Long)
14:01:13:946 DEBUG 29060 --- [http-nio-8081-exec-8] c.h.i.mapper.ItemMapper.selectBatchIds   : <==      Total: 1
14:01:15:078 DEBUG 21792 --- [http-nio-8084-exec-1] c.h.i.mapper.ItemMapper.selectBatchIds   : ==>  Preparing: SELECT id,name,price,stock,image,category,brand,spec,sold,comment_count,isAD,status,create_time,update_time,creater,updater FROM item WHERE id IN ( ? )
14:01:15:078 DEBUG 21792 --- [http-nio-8084-exec-1] c.h.i.mapper.ItemMapper.selectBatchIds   : ==> Parameters: 100000004580(Long)
14:01:15:128 DEBUG 21792 --- [http-nio-8084-exec-1] c.h.i.mapper.ItemMapper.selectBatchIds   : <==      Total: 1
14:01:15:928 DEBUG 29060 --- [http-nio-8081-exec-9] c.h.i.mapper.ItemMapper.selectBatchIds   : ==>  Preparing: SELECT id,name,price,stock,image,category,brand,spec,sold,comment_count,isAD,status,create_time,update_time,creater,updater FROM item WHERE id IN ( ? )
14:01:15:928 DEBUG 29060 --- [http-nio-8081-exec-9] c.h.i.mapper.ItemMapper.selectBatchIds   : ==> Parameters: 100000004580(Long)
14:01:15:976 DEBUG 29060 --- [http-nio-8081-exec-9] c.h.i.mapper.ItemMapper.selectBatchIds   : <==      Total: 1
14:01:37:388 DEBUG 29060 --- [http-nio-8081-exec-10] c.h.i.m.ItemMapper.selectList_mpCount    : ==>  Preparing: SELECT COUNT(*) AS total FROM item WHERE (status = ?)
14:01:37:389 DEBUG 29060 --- [http-nio-8081-exec-10] c.h.i.m.ItemMapper.selectList_mpCount    : ==> Parameters: 1(Integer)
14:01:37:485 DEBUG 29060 --- [http-nio-8081-exec-10] c.h.i.m.ItemMapper.selectList_mpCount    : <==      Total: 1
14:01:37:492 DEBUG 29060 --- [http-nio-8081-exec-10] c.h.item.mapper.ItemMapper.selectList    : ==>  Preparing: SELECT id, name, price, stock, image, category, brand, spec, sold, comment_count, isAD, status, create_time, update_time, creater, updater FROM item WHERE (status = ?) ORDER BY update_time DESC LIMIT ?
14:01:37:492 DEBUG 29060 --- [http-nio-8081-exec-10] c.h.item.mapper.ItemMapper.selectList    : ==> Parameters: 1(Integer), 20(Long)
14:01:37:534 DEBUG 29060 --- [http-nio-8081-exec-10] c.h.item.mapper.ItemMapper.selectList    : <==      Total: 20
14:01:39:528 DEBUG 21792 --- [http-nio-8084-exec-4] c.h.i.mapper.ItemMapper.selectBatchIds   : ==>  Preparing: SELECT id,name,price,stock,image,category,brand,spec,sold,comment_count,isAD,status,create_time,update_time,creater,updater FROM item WHERE id IN ( ? )
14:01:39:529 DEBUG 21792 --- [http-nio-8084-exec-4] c.h.i.mapper.ItemMapper.selectBatchIds   : ==> Parameters: 2120808(Long)
14:01:39:578 DEBUG 21792 --- [http-nio-8084-exec-4] c.h.i.mapper.ItemMapper.selectBatchIds   : <==      Total: 1
14:01:45:725 DEBUG 21792 --- [http-nio-8084-exec-3] c.h.i.m.ItemMapper.selectList_mpCount    : ==>  Preparing: SELECT COUNT(*) AS total FROM item WHERE (status = ?)
14:01:45:726 DEBUG 21792 --- [http-nio-8084-exec-3] c.h.i.m.ItemMapper.selectList_mpCount    : ==> Parameters: 1(Integer)
14:01:45:796 DEBUG 21792 --- [http-nio-8084-exec-3] c.h.i.m.ItemMapper.selectList_mpCount    : <==      Total: 1
14:01:45:797 DEBUG 21792 --- [http-nio-8084-exec-3] c.h.item.mapper.ItemMapper.selectList    : ==>  Preparing: SELECT id, name, price, stock, image, category, brand, spec, sold, comment_count, isAD, status, create_time, update_time, creater, updater FROM item WHERE (status = ?) ORDER BY update_time DESC LIMIT ?
14:01:45:799 DEBUG 21792 --- [http-nio-8084-exec-3] c.h.item.mapper.ItemMapper.selectList    : ==> Parameters: 1(Integer), 20(Long)
14:01:45:864 DEBUG 21792 --- [http-nio-8084-exec-3] c.h.item.mapper.ItemMapper.selectList    : <==      Total: 20
14:01:47:727 DEBUG 29060 --- [http-nio-8081-exec-1] c.h.i.m.ItemMapper.selectList_mpCount    : ==>  Preparing: SELECT COUNT(*) AS total FROM item WHERE (status = ?)
14:01:47:728 DEBUG 29060 --- [http-nio-8081-exec-1] c.h.i.m.ItemMapper.selectList_mpCount    : ==> Parameters: 1(Integer)
14:01:47:796 DEBUG 29060 --- [http-nio-8081-exec-1] c.h.i.m.ItemMapper.selectList_mpCount    : <==      Total: 1
14:01:47:798 DEBUG 29060 --- [http-nio-8081-exec-1] c.h.item.mapper.ItemMapper.selectList    : ==>  Preparing: SELECT id, name, price, stock, image, category, brand, spec, sold, comment_count, isAD, status, create_time, update_time, creater, updater FROM item WHERE (status = ?) ORDER BY update_time DESC LIMIT ?
14:01:47:799 DEBUG 29060 --- [http-nio-8081-exec-1] c.h.item.mapper.ItemMapper.selectList    : ==> Parameters: 1(Integer), 20(Long)
14:01:47:845 DEBUG 29060 --- [http-nio-8081-exec-1] c.h.item.mapper.ItemMapper.selectList    : <==      Total: 20
14:01:49:547 DEBUG 29060 --- [http-nio-8081-exec-2] c.h.i.mapper.ItemMapper.selectBatchIds   : ==>  Preparing: SELECT id,name,price,stock,image,category,brand,spec,sold,comment_count,isAD,status,create_time,update_time,creater,updater FROM item WHERE id IN ( ? )
14:01:49:549 DEBUG 29060 --- [http-nio-8081-exec-2] c.h.i.mapper.ItemMapper.selectBatchIds   : ==> Parameters: 40305713537(Long)
14:01:49:588 DEBUG 29060 --- [http-nio-8081-exec-2] c.h.i.mapper.ItemMapper.selectBatchIds   : <==      Total: 1
14:02:37:955 DEBUG 21792 --- [http-nio-8084-exec-2] c.h.i.m.ItemMapper.selectList_mpCount    : ==>  Preparing: SELECT COUNT(*) AS total FROM item WHERE (status = ?)
14:02:37:955 DEBUG 21792 --- [http-nio-8084-exec-2] c.h.i.m.ItemMapper.selectList_mpCount    : ==> Parameters: 1(Integer)
14:02:38:028 DEBUG 21792 --- [http-nio-8084-exec-2] c.h.i.m.ItemMapper.selectList_mpCount    : <==      Total: 1
14:02:38:033 DEBUG 21792 --- [http-nio-8084-exec-2] c.h.item.mapper.ItemMapper.selectList    : ==>  Preparing: SELECT id, name, price, stock, image, category, brand, spec, sold, comment_count, isAD, status, create_time, update_time, creater, updater FROM item WHERE (status = ?) ORDER BY update_time DESC LIMIT ?
14:02:38:034 DEBUG 21792 --- [http-nio-8084-exec-2] c.h.item.mapper.ItemMapper.selectList    : ==> Parameters: 1(Integer), 20(Long)
14:02:38:083 DEBUG 21792 --- [http-nio-8084-exec-2] c.h.item.mapper.ItemMapper.selectList    : <==      Total: 20
14:02:39:268 DEBUG 21792 --- [http-nio-8084-exec-5] c.h.i.mapper.ItemMapper.selectBatchIds   : ==>  Preparing: SELECT id,name,price,stock,image,category,brand,spec,sold,comment_count,isAD,status,create_time,update_time,creater,updater FROM item WHERE id IN ( ? , ? )
14:02:39:268 DEBUG 21792 --- [http-nio-8084-exec-5] c.h.i.mapper.ItemMapper.selectBatchIds   : ==> Parameters: 40305713537(Long), 100001511821(Long)
14:02:39:318 DEBUG 21792 --- [http-nio-8084-exec-5] c.h.i.mapper.ItemMapper.selectBatchIds   : <==      Total: 2
14:42:51:103 DEBUG 21792 --- [http-nio-8084-exec-8] c.h.i.m.ItemMapper.selectList_mpCount    : ==>  Preparing: SELECT COUNT(*) AS total FROM item
14:42:51:107 DEBUG 21792 --- [http-nio-8084-exec-8] c.h.i.m.ItemMapper.selectList_mpCount    : ==> Parameters: 
14:42:54:072 DEBUG 21792 --- [http-nio-8084-exec-8] c.h.i.m.ItemMapper.selectList_mpCount    : <==      Total: 1
14:42:54:076 DEBUG 21792 --- [http-nio-8084-exec-8] c.h.item.mapper.ItemMapper.selectList    : ==>  Preparing: SELECT id, name, price, stock, image, category, brand, spec, sold, comment_count, isAD, status, create_time, update_time, creater, updater FROM item ORDER BY update_time DESC LIMIT ?
14:42:54:078 DEBUG 21792 --- [http-nio-8084-exec-8] c.h.item.mapper.ItemMapper.selectList    : ==> Parameters: 20(Long)
14:42:54:148 DEBUG 21792 --- [http-nio-8084-exec-8] c.h.item.mapper.ItemMapper.selectList    : <==      Total: 20
