13:48:46:379  INFO 36508 --- [main] com.hmall.user.UserApplication           : Starting UserApplication using Java 17.0.12 on lyk with PID 36508 (C:\baidunetdiskdownload\黑马商城\day03-微服务01\资料\hmall\user-service\target\classes started by liuyi in C:\baidunetdiskdownload\黑马商城\day03-微服务01\资料\hmall)
13:48:46:385 DEBUG 36508 --- [main] com.hmall.user.UserApplication           : Running with Spring Boot v2.7.12, Spring v5.3.27
13:48:46:385  INFO 36508 --- [main] com.hmall.user.UserApplication           : The following 1 profile is active: "dev"
13:48:47:412  INFO 36508 --- [main] .s.d.r.c.RepositoryConfigurationDelegate : Multiple Spring Data modules found, entering strict repository configuration mode
13:48:47:419  INFO 36508 --- [main] .s.d.r.c.RepositoryConfigurationDelegate : Bootstrapping Spring Data Redis repositories in DEFAULT mode.
13:48:47:443  INFO 36508 --- [main] .s.d.r.c.RepositoryConfigurationDelegate : Finished Spring Data repository scanning in 12 ms. Found 0 Redis repository interfaces.
13:48:47:638  INFO 36508 --- [main] o.s.cloud.context.scope.GenericScope     : BeanFactory id=f12fadda-e007-36b6-9619-a488c063b92c
13:48:48:030  INFO 36508 --- [main] o.s.b.w.embedded.tomcat.TomcatWebServer  : Tomcat initialized with port(s): 8085 (http)
13:48:48:037  INFO 36508 --- [main] o.apache.catalina.core.StandardService   : Starting service [Tomcat]
13:48:48:038  INFO 36508 --- [main] org.apache.catalina.core.StandardEngine  : Starting Servlet engine: [Apache Tomcat/9.0.75]
13:48:48:183  INFO 36508 --- [main] o.a.c.c.C.[Tomcat].[localhost].[/]       : Initializing Spring embedded WebApplicationContext
13:48:48:183  INFO 36508 --- [main] w.s.c.ServletWebServerApplicationContext : Root WebApplicationContext: initialization completed in 1732 ms
13:48:50:663  INFO 36508 --- [main] o.s.cloud.commons.util.InetUtils         : Cannot determine local hostname
13:48:50:684  INFO 36508 --- [main] pertySourcedRequestMappingHandlerMapping : Mapped URL path [/v2/api-docs] onto method [springfox.documentation.swagger2.web.Swagger2ControllerWebMvc#getDocumentation(String, HttpServletRequest)]
13:48:52:394  INFO 36508 --- [main] o.s.cloud.commons.util.InetUtils         : Cannot determine local hostname
13:48:52:553  INFO 36508 --- [main] com.alibaba.nacos.common.remote.client   : [RpcClientFactory] create a new rpc client of 487885d4-8e8e-4d2a-acec-81c5edec5780
13:48:52:606  INFO 36508 --- [main] org.reflections.Reflections              : Reflections took 24 ms to scan 1 urls, producing 3 keys and 6 values 
13:48:52:627  INFO 36508 --- [main] org.reflections.Reflections              : Reflections took 6 ms to scan 1 urls, producing 4 keys and 9 values 
13:48:52:635  INFO 36508 --- [main] org.reflections.Reflections              : Reflections took 4 ms to scan 1 urls, producing 3 keys and 10 values 
13:48:52:638  WARN 36508 --- [main] org.reflections.Reflections              : given scan urls are empty. set urls in the configuration
13:48:52:642  INFO 36508 --- [main] org.reflections.Reflections              : Reflections took 3 ms to scan 1 urls, producing 1 keys and 5 values 
13:48:52:648  INFO 36508 --- [main] org.reflections.Reflections              : Reflections took 4 ms to scan 1 urls, producing 1 keys and 7 values 
13:48:52:656  INFO 36508 --- [main] org.reflections.Reflections              : Reflections took 5 ms to scan 1 urls, producing 2 keys and 8 values 
13:48:52:659  WARN 36508 --- [main] org.reflections.Reflections              : given scan urls are empty. set urls in the configuration
13:48:52:660  INFO 36508 --- [main] com.alibaba.nacos.common.remote.client   : [487885d4-8e8e-4d2a-acec-81c5edec5780] RpcClient init label, labels = {module=naming, source=sdk}
13:48:52:662  INFO 36508 --- [main] com.alibaba.nacos.common.remote.client   : [487885d4-8e8e-4d2a-acec-81c5edec5780] RpcClient init, ServerListFactory = com.alibaba.nacos.client.naming.core.ServerListManager
13:48:52:662  INFO 36508 --- [main] com.alibaba.nacos.common.remote.client   : [487885d4-8e8e-4d2a-acec-81c5edec5780] Registry connection listener to current client:com.alibaba.nacos.client.naming.remote.gprc.redo.NamingGrpcRedoService
13:48:52:663  INFO 36508 --- [main] com.alibaba.nacos.common.remote.client   : [487885d4-8e8e-4d2a-acec-81c5edec5780] Register server push request handler:com.alibaba.nacos.client.naming.remote.gprc.NamingPushRequestHandler
13:48:52:663  INFO 36508 --- [main] com.alibaba.nacos.common.remote.client   : [487885d4-8e8e-4d2a-acec-81c5edec5780] Try to connect to server on start up, server: {serverIp = 'localhost', server main port = 8848}
13:48:53:820  INFO 36508 --- [main] com.alibaba.nacos.common.remote.client   : [487885d4-8e8e-4d2a-acec-81c5edec5780] Success to connect to server [localhost:8848] on start up, connectionId = 1754891333640_172.17.0.1_41050
13:48:53:820  INFO 36508 --- [com.alibaba.nacos.client.remote.worker] com.alibaba.nacos.common.remote.client   : [487885d4-8e8e-4d2a-acec-81c5edec5780] Notify connected event to listeners.
13:48:53:821  INFO 36508 --- [main] com.alibaba.nacos.common.remote.client   : [487885d4-8e8e-4d2a-acec-81c5edec5780] Register server push request handler:com.alibaba.nacos.common.remote.client.RpcClient$ConnectResetRequestHandler
13:48:53:821  INFO 36508 --- [main] com.alibaba.nacos.common.remote.client   : [487885d4-8e8e-4d2a-acec-81c5edec5780] Register server push request handler:com.alibaba.nacos.common.remote.client.RpcClient$$Lambda$1115/0x0000026ddb8d72e8
13:48:53:866  INFO 36508 --- [main] o.s.b.w.embedded.tomcat.TomcatWebServer  : Tomcat started on port(s): 8085 (http) with context path ''
13:48:53:875  INFO 36508 --- [main] c.a.c.n.registry.NacosServiceRegistry    : nacos registry, DEFAULT_GROUP user-service 192.168.138.1:8085 register finished
13:48:54:424  INFO 36508 --- [nacos-grpc-client-executor-9] com.alibaba.nacos.common.remote.client   : [487885d4-8e8e-4d2a-acec-81c5edec5780] Receive server push request, request = NotifySubscriberRequest, requestId = 4
13:48:54:427  INFO 36508 --- [nacos-grpc-client-executor-9] com.alibaba.nacos.common.remote.client   : [487885d4-8e8e-4d2a-acec-81c5edec5780] Ack server push request, request = NotifySubscriberRequest, requestId = 4
13:48:55:270  INFO 36508 --- [main] o.s.cloud.commons.util.InetUtils         : Cannot determine local hostname
13:48:55:271  INFO 36508 --- [main] d.s.w.p.DocumentationPluginsBootstrapper : Documentation plugins bootstrapped
13:48:55:273  INFO 36508 --- [main] d.s.w.p.DocumentationPluginsBootstrapper : Found 1 custom documentation plugin(s)
13:48:55:298  INFO 36508 --- [main] s.d.s.w.s.ApiListingReferenceScanner     : Scanning for api listing references
13:48:55:391  INFO 36508 --- [main] com.hmall.user.UserApplication           : Started UserApplication in 11.102 seconds (JVM running for 11.744)
13:49:50:325  INFO 36508 --- [http-nio-8085-exec-1] o.a.c.c.C.[Tomcat].[localhost].[/]       : Initializing Spring DispatcherServlet 'dispatcherServlet'
13:49:50:325  INFO 36508 --- [http-nio-8085-exec-1] o.s.web.servlet.DispatcherServlet        : Initializing Servlet 'dispatcherServlet'
13:49:50:325  INFO 36508 --- [http-nio-8085-exec-1] o.s.web.servlet.DispatcherServlet        : Completed initialization in 0 ms
13:49:50:573  INFO 36508 --- [http-nio-8085-exec-1] com.zaxxer.hikari.HikariDataSource       : HikariPool-1 - Starting...
13:49:51:675  INFO 36508 --- [http-nio-8085-exec-1] com.zaxxer.hikari.HikariDataSource       : HikariPool-1 - Start completed.
13:49:51:687 DEBUG 36508 --- [http-nio-8085-exec-2] c.h.user.mapper.UserMapper.selectList    : ==>  Preparing: SELECT id,username,password,phone,create_time,update_time,status,balance FROM user WHERE (username = ?)
13:49:51:719 DEBUG 36508 --- [http-nio-8085-exec-2] c.h.user.mapper.UserMapper.selectList    : ==> Parameters: jack(String)
13:49:51:814 DEBUG 36508 --- [http-nio-8085-exec-2] c.h.user.mapper.UserMapper.selectList    : <==      Total: 1
13:49:51:821 DEBUG 36508 --- [http-nio-8085-exec-1] c.h.user.mapper.UserMapper.selectList    : ==>  Preparing: SELECT id,username,password,phone,create_time,update_time,status,balance FROM user WHERE (username = ?)
13:49:51:821 DEBUG 36508 --- [http-nio-8085-exec-1] c.h.user.mapper.UserMapper.selectList    : ==> Parameters: jack(String)
13:49:51:880 DEBUG 36508 --- [http-nio-8085-exec-1] c.h.user.mapper.UserMapper.selectList    : <==      Total: 1
